[2023-02-16 13:32:06] local.ERROR: SQLSTATE[HY000] [1045] Access denied for user 'root'@'localhost' (using password: NO) (SQL: select * from `general_settings` limit 1) {"exception":"[object] (Illuminate\\Database\\QueryException(code: 1045): SQLSTATE[HY000] [1045] Access denied for user 'root'@'localhost' (using password: NO) (SQL: select * from `general_settings` limit 1) at /home/u657893346/domains/kidsstation.fun/public_html/saudi/vendor/laravel/framework/src/Illuminate/Database/Connection.php:671)
[stacktrace]
#0 /home/u657893346/domains/kidsstation.fun/public_html/saudi/vendor/laravel/framework/src/Illuminate/Database/Connection.php(631): Illuminate\\Database\\Connection->runQueryCallback('select * from `...', Array, Object(Closure))
#1 /home/u657893346/domains/kidsstation.fun/public_html/saudi/vendor/laravel/framework/src/Illuminate/Database/Connection.php(339): Illuminate\\Database\\Connection->run('select * from `...', Array, Object(Closure))
#2 /home/u657893346/domains/kidsstation.fun/public_html/saudi/vendor/laravel/framework/src/Illuminate/Database/Query/Builder.php(2270): Illuminate\\Database\\Connection->select('select * from `...', Array, true)
#3 /home/u657893346/domains/kidsstation.fun/public_html/saudi/vendor/laravel/framework/src/Illuminate/Database/Query/Builder.php(2258): Illuminate\\Database\\Query\\Builder->runSelect()
#4 /home/u657893346/domains/kidsstation.fun/public_html/saudi/vendor/laravel/framework/src/Illuminate/Database/Query/Builder.php(2753): Illuminate\\Database\\Query\\Builder->Illuminate\\Database\\Query\\{closure}()
#5 /home/u657893346/domains/kidsstation.fun/public_html/saudi/vendor/laravel/framework/src/Illuminate/Database/Query/Builder.php(2259): Illuminate\\Database\\Query\\Builder->onceWithColumns(Array, Object(Closure))
#6 /home/u657893346/domains/kidsstation.fun/public_html/saudi/vendor/laravel/framework/src/Illuminate/Database/Eloquent/Builder.php(548): Illuminate\\Database\\Query\\Builder->get(Array)
#7 /home/u657893346/domains/kidsstation.fun/public_html/saudi/vendor/laravel/framework/src/Illuminate/Database/Eloquent/Builder.php(532): Illuminate\\Database\\Eloquent\\Builder->getModels(Array)
#8 /home/u657893346/domains/kidsstation.fun/public_html/saudi/vendor/laravel/framework/src/Illuminate/Database/Concerns/BuildsQueries.php(143): Illuminate\\Database\\Eloquent\\Builder->get(Array)
#9 /home/u657893346/domains/kidsstation.fun/public_html/saudi/vendor/laravel/framework/src/Illuminate/Support/Traits/ForwardsCalls.php(23): Illuminate\\Database\\Eloquent\\Builder->first()
#10 /home/u657893346/domains/kidsstation.fun/public_html/saudi/vendor/laravel/framework/src/Illuminate/Database/Eloquent/Model.php(1736): Illuminate\\Database\\Eloquent\\Model->forwardCallTo(Object(Illuminate\\Database\\Eloquent\\Builder), 'first', Array)
#11 /home/u657893346/domains/kidsstation.fun/public_html/saudi/vendor/laravel/framework/src/Illuminate/Database/Eloquent/Model.php(1748): Illuminate\\Database\\Eloquent\\Model->__call('first', Array)
#12 /home/u657893346/domains/kidsstation.fun/public_html/saudi/app/Providers/AppServiceProvider.php(36): Illuminate\\Database\\Eloquent\\Model::__callStatic('first', Array)
#13 /home/u657893346/domains/kidsstation.fun/public_html/saudi/vendor/laravel/framework/src/Illuminate/Container/BoundMethod.php(36): App\\Providers\\AppServiceProvider->boot()
#14 /home/u657893346/domains/kidsstation.fun/public_html/saudi/vendor/laravel/framework/src/Illuminate/Container/Util.php(37): Illuminate\\Container\\BoundMethod::Illuminate\\Container\\{closure}()
#15 /home/u657893346/domains/kidsstation.fun/public_html/saudi/vendor/laravel/framework/src/Illuminate/Container/BoundMethod.php(93): Illuminate\\Container\\Util::unwrapIfClosure(Object(Closure))
#16 /home/u657893346/domains/kidsstation.fun/public_html/saudi/vendor/laravel/framework/src/Illuminate/Container/BoundMethod.php(37): Illuminate\\Container\\BoundMethod::callBoundMethod(Object(Illuminate\\Foundation\\Application), Array, Object(Closure))
#17 /home/u657893346/domains/kidsstation.fun/public_html/saudi/vendor/laravel/framework/src/Illuminate/Container/Container.php(596): Illuminate\\Container\\BoundMethod::call(Object(Illuminate\\Foundation\\Application), Array, Array, NULL)
#18 /home/u657893346/domains/kidsstation.fun/public_html/saudi/vendor/laravel/framework/src/Illuminate/Foundation/Application.php(867): Illuminate\\Container\\Container->call(Array)
#19 /home/u657893346/domains/kidsstation.fun/public_html/saudi/vendor/laravel/framework/src/Illuminate/Foundation/Application.php(850): Illuminate\\Foundation\\Application->bootProvider(Object(App\\Providers\\AppServiceProvider))
#20 [internal function]: Illuminate\\Foundation\\Application->Illuminate\\Foundation\\{closure}(Object(App\\Providers\\AppServiceProvider), 33)
#21 /home/u657893346/domains/kidsstation.fun/public_html/saudi/vendor/laravel/framework/src/Illuminate/Foundation/Application.php(851): array_walk(Array, Object(Closure))
#22 /home/u657893346/domains/kidsstation.fun/public_html/saudi/vendor/laravel/framework/src/Illuminate/Foundation/Bootstrap/BootProviders.php(17): Illuminate\\Foundation\\Application->boot()
#23 /home/u657893346/domains/kidsstation.fun/public_html/saudi/vendor/laravel/framework/src/Illuminate/Foundation/Application.php(230): Illuminate\\Foundation\\Bootstrap\\BootProviders->bootstrap(Object(Illuminate\\Foundation\\Application))
#24 /home/u657893346/domains/kidsstation.fun/public_html/saudi/vendor/laravel/framework/src/Illuminate/Foundation/Console/Kernel.php(310): Illuminate\\Foundation\\Application->bootstrapWith(Array)
#25 /home/u657893346/domains/kidsstation.fun/public_html/saudi/vendor/laravel/framework/src/Illuminate/Foundation/Console/Kernel.php(127): Illuminate\\Foundation\\Console\\Kernel->bootstrap()
#26 /home/u657893346/domains/kidsstation.fun/public_html/saudi/artisan(37): Illuminate\\Foundation\\Console\\Kernel->handle(Object(Symfony\\Component\\Console\\Input\\ArgvInput), Object(Symfony\\Component\\Console\\Output\\ConsoleOutput))
#27 {main}

[previous exception] [object] (PDOException(code: 1045): SQLSTATE[HY000] [1045] Access denied for user 'root'@'localhost' (using password: NO) at /home/u657893346/domains/kidsstation.fun/public_html/saudi/vendor/laravel/framework/src/Illuminate/Database/Connectors/Connector.php:70)
[stacktrace]
#0 /home/u657893346/domains/kidsstation.fun/public_html/saudi/vendor/laravel/framework/src/Illuminate/Database/Connectors/Connector.php(70): PDO->__construct('mysql:host=loca...', 'root', '', Array)
#1 /home/u657893346/domains/kidsstation.fun/public_html/saudi/vendor/laravel/framework/src/Illuminate/Database/Connectors/Connector.php(46): Illuminate\\Database\\Connectors\\Connector->createPdoConnection('mysql:host=loca...', 'root', '', Array)
#2 /home/u657893346/domains/kidsstation.fun/public_html/saudi/vendor/laravel/framework/src/Illuminate/Database/Connectors/MySqlConnector.php(24): Illuminate\\Database\\Connectors\\Connector->createConnection('mysql:host=loca...', Array, Array)
#3 /home/u657893346/domains/kidsstation.fun/public_html/saudi/vendor/laravel/framework/src/Illuminate/Database/Connectors/ConnectionFactory.php(184): Illuminate\\Database\\Connectors\\MySqlConnector->connect(Array)
#4 [internal function]: Illuminate\\Database\\Connectors\\ConnectionFactory->Illuminate\\Database\\Connectors\\{closure}()
#5 /home/u657893346/domains/kidsstation.fun/public_html/saudi/vendor/laravel/framework/src/Illuminate/Database/Connection.php(926): call_user_func(Object(Closure))
#6 /home/u657893346/domains/kidsstation.fun/public_html/saudi/vendor/laravel/framework/src/Illuminate/Database/Connection.php(961): Illuminate\\Database\\Connection->getPdo()
#7 /home/u657893346/domains/kidsstation.fun/public_html/saudi/vendor/laravel/framework/src/Illuminate/Database/Connection.php(405): Illuminate\\Database\\Connection->getReadPdo()
#8 /home/u657893346/domains/kidsstation.fun/public_html/saudi/vendor/laravel/framework/src/Illuminate/Database/Connection.php(331): Illuminate\\Database\\Connection->getPdoForSelect(true)
#9 /home/u657893346/domains/kidsstation.fun/public_html/saudi/vendor/laravel/framework/src/Illuminate/Database/Connection.php(664): Illuminate\\Database\\Connection->Illuminate\\Database\\{closure}('select * from `...', Array)
#10 /home/u657893346/domains/kidsstation.fun/public_html/saudi/vendor/laravel/framework/src/Illuminate/Database/Connection.php(631): Illuminate\\Database\\Connection->runQueryCallback('select * from `...', Array, Object(Closure))
#11 /home/u657893346/domains/kidsstation.fun/public_html/saudi/vendor/laravel/framework/src/Illuminate/Database/Connection.php(339): Illuminate\\Database\\Connection->run('select * from `...', Array, Object(Closure))
#12 /home/u657893346/domains/kidsstation.fun/public_html/saudi/vendor/laravel/framework/src/Illuminate/Database/Query/Builder.php(2270): Illuminate\\Database\\Connection->select('select * from `...', Array, true)
#13 /home/u657893346/domains/kidsstation.fun/public_html/saudi/vendor/laravel/framework/src/Illuminate/Database/Query/Builder.php(2258): Illuminate\\Database\\Query\\Builder->runSelect()
#14 /home/u657893346/domains/kidsstation.fun/public_html/saudi/vendor/laravel/framework/src/Illuminate/Database/Query/Builder.php(2753): Illuminate\\Database\\Query\\Builder->Illuminate\\Database\\Query\\{closure}()
#15 /home/u657893346/domains/kidsstation.fun/public_html/saudi/vendor/laravel/framework/src/Illuminate/Database/Query/Builder.php(2259): Illuminate\\Database\\Query\\Builder->onceWithColumns(Array, Object(Closure))
#16 /home/u657893346/domains/kidsstation.fun/public_html/saudi/vendor/laravel/framework/src/Illuminate/Database/Eloquent/Builder.php(548): Illuminate\\Database\\Query\\Builder->get(Array)
#17 /home/u657893346/domains/kidsstation.fun/public_html/saudi/vendor/laravel/framework/src/Illuminate/Database/Eloquent/Builder.php(532): Illuminate\\Database\\Eloquent\\Builder->getModels(Array)
#18 /home/u657893346/domains/kidsstation.fun/public_html/saudi/vendor/laravel/framework/src/Illuminate/Database/Concerns/BuildsQueries.php(143): Illuminate\\Database\\Eloquent\\Builder->get(Array)
#19 /home/u657893346/domains/kidsstation.fun/public_html/saudi/vendor/laravel/framework/src/Illuminate/Support/Traits/ForwardsCalls.php(23): Illuminate\\Database\\Eloquent\\Builder->first()
#20 /home/u657893346/domains/kidsstation.fun/public_html/saudi/vendor/laravel/framework/src/Illuminate/Database/Eloquent/Model.php(1736): Illuminate\\Database\\Eloquent\\Model->forwardCallTo(Object(Illuminate\\Database\\Eloquent\\Builder), 'first', Array)
#21 /home/u657893346/domains/kidsstation.fun/public_html/saudi/vendor/laravel/framework/src/Illuminate/Database/Eloquent/Model.php(1748): Illuminate\\Database\\Eloquent\\Model->__call('first', Array)
#22 /home/u657893346/domains/kidsstation.fun/public_html/saudi/app/Providers/AppServiceProvider.php(36): Illuminate\\Database\\Eloquent\\Model::__callStatic('first', Array)
#23 /home/u657893346/domains/kidsstation.fun/public_html/saudi/vendor/laravel/framework/src/Illuminate/Container/BoundMethod.php(36): App\\Providers\\AppServiceProvider->boot()
#24 /home/u657893346/domains/kidsstation.fun/public_html/saudi/vendor/laravel/framework/src/Illuminate/Container/Util.php(37): Illuminate\\Container\\BoundMethod::Illuminate\\Container\\{closure}()
#25 /home/u657893346/domains/kidsstation.fun/public_html/saudi/vendor/laravel/framework/src/Illuminate/Container/BoundMethod.php(93): Illuminate\\Container\\Util::unwrapIfClosure(Object(Closure))
#26 /home/u657893346/domains/kidsstation.fun/public_html/saudi/vendor/laravel/framework/src/Illuminate/Container/BoundMethod.php(37): Illuminate\\Container\\BoundMethod::callBoundMethod(Object(Illuminate\\Foundation\\Application), Array, Object(Closure))
#27 /home/u657893346/domains/kidsstation.fun/public_html/saudi/vendor/laravel/framework/src/Illuminate/Container/Container.php(596): Illuminate\\Container\\BoundMethod::call(Object(Illuminate\\Foundation\\Application), Array, Array, NULL)
#28 /home/u657893346/domains/kidsstation.fun/public_html/saudi/vendor/laravel/framework/src/Illuminate/Foundation/Application.php(867): Illuminate\\Container\\Container->call(Array)
#29 /home/u657893346/domains/kidsstation.fun/public_html/saudi/vendor/laravel/framework/src/Illuminate/Foundation/Application.php(850): Illuminate\\Foundation\\Application->bootProvider(Object(App\\Providers\\AppServiceProvider))
#30 [internal function]: Illuminate\\Foundation\\Application->Illuminate\\Foundation\\{closure}(Object(App\\Providers\\AppServiceProvider), 33)
#31 /home/u657893346/domains/kidsstation.fun/public_html/saudi/vendor/laravel/framework/src/Illuminate/Foundation/Application.php(851): array_walk(Array, Object(Closure))
#32 /home/u657893346/domains/kidsstation.fun/public_html/saudi/vendor/laravel/framework/src/Illuminate/Foundation/Bootstrap/BootProviders.php(17): Illuminate\\Foundation\\Application->boot()
#33 /home/u657893346/domains/kidsstation.fun/public_html/saudi/vendor/laravel/framework/src/Illuminate/Foundation/Application.php(230): Illuminate\\Foundation\\Bootstrap\\BootProviders->bootstrap(Object(Illuminate\\Foundation\\Application))
#34 /home/u657893346/domains/kidsstation.fun/public_html/saudi/vendor/laravel/framework/src/Illuminate/Foundation/Console/Kernel.php(310): Illuminate\\Foundation\\Application->bootstrapWith(Array)
#35 /home/u657893346/domains/kidsstation.fun/public_html/saudi/vendor/laravel/framework/src/Illuminate/Foundation/Console/Kernel.php(127): Illuminate\\Foundation\\Console\\Kernel->bootstrap()
#36 /home/u657893346/domains/kidsstation.fun/public_html/saudi/artisan(37): Illuminate\\Foundation\\Console\\Kernel->handle(Object(Symfony\\Component\\Console\\Input\\ArgvInput), Object(Symfony\\Component\\Console\\Output\\ConsoleOutput))
#37 {main}
"} 
[2023-02-16 13:32:28] local.ERROR: SQLSTATE[HY000] [1045] Access denied for user 'root'@'localhost' (using password: NO) (SQL: select * from `general_settings` limit 1) {"exception":"[object] (Illuminate\\Database\\QueryException(code: 1045): SQLSTATE[HY000] [1045] Access denied for user 'root'@'localhost' (using password: NO) (SQL: select * from `general_settings` limit 1) at /home/u657893346/domains/kidsstation.fun/public_html/saudi/vendor/laravel/framework/src/Illuminate/Database/Connection.php:671)
[stacktrace]
#0 /home/u657893346/domains/kidsstation.fun/public_html/saudi/vendor/laravel/framework/src/Illuminate/Database/Connection.php(631): Illuminate\\Database\\Connection->runQueryCallback('select * from `...', Array, Object(Closure))
#1 /home/u657893346/domains/kidsstation.fun/public_html/saudi/vendor/laravel/framework/src/Illuminate/Database/Connection.php(339): Illuminate\\Database\\Connection->run('select * from `...', Array, Object(Closure))
#2 /home/u657893346/domains/kidsstation.fun/public_html/saudi/vendor/laravel/framework/src/Illuminate/Database/Query/Builder.php(2270): Illuminate\\Database\\Connection->select('select * from `...', Array, true)
#3 /home/u657893346/domains/kidsstation.fun/public_html/saudi/vendor/laravel/framework/src/Illuminate/Database/Query/Builder.php(2258): Illuminate\\Database\\Query\\Builder->runSelect()
#4 /home/u657893346/domains/kidsstation.fun/public_html/saudi/vendor/laravel/framework/src/Illuminate/Database/Query/Builder.php(2753): Illuminate\\Database\\Query\\Builder->Illuminate\\Database\\Query\\{closure}()
#5 /home/u657893346/domains/kidsstation.fun/public_html/saudi/vendor/laravel/framework/src/Illuminate/Database/Query/Builder.php(2259): Illuminate\\Database\\Query\\Builder->onceWithColumns(Array, Object(Closure))
#6 /home/u657893346/domains/kidsstation.fun/public_html/saudi/vendor/laravel/framework/src/Illuminate/Database/Eloquent/Builder.php(548): Illuminate\\Database\\Query\\Builder->get(Array)
#7 /home/u657893346/domains/kidsstation.fun/public_html/saudi/vendor/laravel/framework/src/Illuminate/Database/Eloquent/Builder.php(532): Illuminate\\Database\\Eloquent\\Builder->getModels(Array)
#8 /home/u657893346/domains/kidsstation.fun/public_html/saudi/vendor/laravel/framework/src/Illuminate/Database/Concerns/BuildsQueries.php(143): Illuminate\\Database\\Eloquent\\Builder->get(Array)
#9 /home/u657893346/domains/kidsstation.fun/public_html/saudi/vendor/laravel/framework/src/Illuminate/Support/Traits/ForwardsCalls.php(23): Illuminate\\Database\\Eloquent\\Builder->first()
#10 /home/u657893346/domains/kidsstation.fun/public_html/saudi/vendor/laravel/framework/src/Illuminate/Database/Eloquent/Model.php(1736): Illuminate\\Database\\Eloquent\\Model->forwardCallTo(Object(Illuminate\\Database\\Eloquent\\Builder), 'first', Array)
#11 /home/u657893346/domains/kidsstation.fun/public_html/saudi/vendor/laravel/framework/src/Illuminate/Database/Eloquent/Model.php(1748): Illuminate\\Database\\Eloquent\\Model->__call('first', Array)
#12 /home/u657893346/domains/kidsstation.fun/public_html/saudi/app/Providers/AppServiceProvider.php(36): Illuminate\\Database\\Eloquent\\Model::__callStatic('first', Array)
#13 /home/u657893346/domains/kidsstation.fun/public_html/saudi/vendor/laravel/framework/src/Illuminate/Container/BoundMethod.php(36): App\\Providers\\AppServiceProvider->boot()
#14 /home/u657893346/domains/kidsstation.fun/public_html/saudi/vendor/laravel/framework/src/Illuminate/Container/Util.php(37): Illuminate\\Container\\BoundMethod::Illuminate\\Container\\{closure}()
#15 /home/u657893346/domains/kidsstation.fun/public_html/saudi/vendor/laravel/framework/src/Illuminate/Container/BoundMethod.php(93): Illuminate\\Container\\Util::unwrapIfClosure(Object(Closure))
#16 /home/u657893346/domains/kidsstation.fun/public_html/saudi/vendor/laravel/framework/src/Illuminate/Container/BoundMethod.php(37): Illuminate\\Container\\BoundMethod::callBoundMethod(Object(Illuminate\\Foundation\\Application), Array, Object(Closure))
#17 /home/u657893346/domains/kidsstation.fun/public_html/saudi/vendor/laravel/framework/src/Illuminate/Container/Container.php(596): Illuminate\\Container\\BoundMethod::call(Object(Illuminate\\Foundation\\Application), Array, Array, NULL)
#18 /home/u657893346/domains/kidsstation.fun/public_html/saudi/vendor/laravel/framework/src/Illuminate/Foundation/Application.php(867): Illuminate\\Container\\Container->call(Array)
#19 /home/u657893346/domains/kidsstation.fun/public_html/saudi/vendor/laravel/framework/src/Illuminate/Foundation/Application.php(850): Illuminate\\Foundation\\Application->bootProvider(Object(App\\Providers\\AppServiceProvider))
#20 [internal function]: Illuminate\\Foundation\\Application->Illuminate\\Foundation\\{closure}(Object(App\\Providers\\AppServiceProvider), 33)
#21 /home/u657893346/domains/kidsstation.fun/public_html/saudi/vendor/laravel/framework/src/Illuminate/Foundation/Application.php(851): array_walk(Array, Object(Closure))
#22 /home/u657893346/domains/kidsstation.fun/public_html/saudi/vendor/laravel/framework/src/Illuminate/Foundation/Bootstrap/BootProviders.php(17): Illuminate\\Foundation\\Application->boot()
#23 /home/u657893346/domains/kidsstation.fun/public_html/saudi/vendor/laravel/framework/src/Illuminate/Foundation/Application.php(230): Illuminate\\Foundation\\Bootstrap\\BootProviders->bootstrap(Object(Illuminate\\Foundation\\Application))
#24 /home/u657893346/domains/kidsstation.fun/public_html/saudi/vendor/laravel/framework/src/Illuminate/Foundation/Console/Kernel.php(310): Illuminate\\Foundation\\Application->bootstrapWith(Array)
#25 /home/u657893346/domains/kidsstation.fun/public_html/saudi/vendor/laravel/framework/src/Illuminate/Foundation/Console/Kernel.php(127): Illuminate\\Foundation\\Console\\Kernel->bootstrap()
#26 /home/u657893346/domains/kidsstation.fun/public_html/saudi/artisan(37): Illuminate\\Foundation\\Console\\Kernel->handle(Object(Symfony\\Component\\Console\\Input\\ArgvInput), Object(Symfony\\Component\\Console\\Output\\ConsoleOutput))
#27 {main}

[previous exception] [object] (PDOException(code: 1045): SQLSTATE[HY000] [1045] Access denied for user 'root'@'localhost' (using password: NO) at /home/u657893346/domains/kidsstation.fun/public_html/saudi/vendor/laravel/framework/src/Illuminate/Database/Connectors/Connector.php:70)
[stacktrace]
#0 /home/u657893346/domains/kidsstation.fun/public_html/saudi/vendor/laravel/framework/src/Illuminate/Database/Connectors/Connector.php(70): PDO->__construct('mysql:host=loca...', 'root', '', Array)
#1 /home/u657893346/domains/kidsstation.fun/public_html/saudi/vendor/laravel/framework/src/Illuminate/Database/Connectors/Connector.php(46): Illuminate\\Database\\Connectors\\Connector->createPdoConnection('mysql:host=loca...', 'root', '', Array)
#2 /home/u657893346/domains/kidsstation.fun/public_html/saudi/vendor/laravel/framework/src/Illuminate/Database/Connectors/MySqlConnector.php(24): Illuminate\\Database\\Connectors\\Connector->createConnection('mysql:host=loca...', Array, Array)
#3 /home/u657893346/domains/kidsstation.fun/public_html/saudi/vendor/laravel/framework/src/Illuminate/Database/Connectors/ConnectionFactory.php(184): Illuminate\\Database\\Connectors\\MySqlConnector->connect(Array)
#4 [internal function]: Illuminate\\Database\\Connectors\\ConnectionFactory->Illuminate\\Database\\Connectors\\{closure}()
#5 /home/u657893346/domains/kidsstation.fun/public_html/saudi/vendor/laravel/framework/src/Illuminate/Database/Connection.php(926): call_user_func(Object(Closure))
#6 /home/u657893346/domains/kidsstation.fun/public_html/saudi/vendor/laravel/framework/src/Illuminate/Database/Connection.php(961): Illuminate\\Database\\Connection->getPdo()
#7 /home/u657893346/domains/kidsstation.fun/public_html/saudi/vendor/laravel/framework/src/Illuminate/Database/Connection.php(405): Illuminate\\Database\\Connection->getReadPdo()
#8 /home/u657893346/domains/kidsstation.fun/public_html/saudi/vendor/laravel/framework/src/Illuminate/Database/Connection.php(331): Illuminate\\Database\\Connection->getPdoForSelect(true)
#9 /home/u657893346/domains/kidsstation.fun/public_html/saudi/vendor/laravel/framework/src/Illuminate/Database/Connection.php(664): Illuminate\\Database\\Connection->Illuminate\\Database\\{closure}('select * from `...', Array)
#10 /home/u657893346/domains/kidsstation.fun/public_html/saudi/vendor/laravel/framework/src/Illuminate/Database/Connection.php(631): Illuminate\\Database\\Connection->runQueryCallback('select * from `...', Array, Object(Closure))
#11 /home/u657893346/domains/kidsstation.fun/public_html/saudi/vendor/laravel/framework/src/Illuminate/Database/Connection.php(339): Illuminate\\Database\\Connection->run('select * from `...', Array, Object(Closure))
#12 /home/u657893346/domains/kidsstation.fun/public_html/saudi/vendor/laravel/framework/src/Illuminate/Database/Query/Builder.php(2270): Illuminate\\Database\\Connection->select('select * from `...', Array, true)
#13 /home/u657893346/domains/kidsstation.fun/public_html/saudi/vendor/laravel/framework/src/Illuminate/Database/Query/Builder.php(2258): Illuminate\\Database\\Query\\Builder->runSelect()
#14 /home/u657893346/domains/kidsstation.fun/public_html/saudi/vendor/laravel/framework/src/Illuminate/Database/Query/Builder.php(2753): Illuminate\\Database\\Query\\Builder->Illuminate\\Database\\Query\\{closure}()
#15 /home/u657893346/domains/kidsstation.fun/public_html/saudi/vendor/laravel/framework/src/Illuminate/Database/Query/Builder.php(2259): Illuminate\\Database\\Query\\Builder->onceWithColumns(Array, Object(Closure))
#16 /home/u657893346/domains/kidsstation.fun/public_html/saudi/vendor/laravel/framework/src/Illuminate/Database/Eloquent/Builder.php(548): Illuminate\\Database\\Query\\Builder->get(Array)
#17 /home/u657893346/domains/kidsstation.fun/public_html/saudi/vendor/laravel/framework/src/Illuminate/Database/Eloquent/Builder.php(532): Illuminate\\Database\\Eloquent\\Builder->getModels(Array)
#18 /home/u657893346/domains/kidsstation.fun/public_html/saudi/vendor/laravel/framework/src/Illuminate/Database/Concerns/BuildsQueries.php(143): Illuminate\\Database\\Eloquent\\Builder->get(Array)
#19 /home/u657893346/domains/kidsstation.fun/public_html/saudi/vendor/laravel/framework/src/Illuminate/Support/Traits/ForwardsCalls.php(23): Illuminate\\Database\\Eloquent\\Builder->first()
#20 /home/u657893346/domains/kidsstation.fun/public_html/saudi/vendor/laravel/framework/src/Illuminate/Database/Eloquent/Model.php(1736): Illuminate\\Database\\Eloquent\\Model->forwardCallTo(Object(Illuminate\\Database\\Eloquent\\Builder), 'first', Array)
#21 /home/u657893346/domains/kidsstation.fun/public_html/saudi/vendor/laravel/framework/src/Illuminate/Database/Eloquent/Model.php(1748): Illuminate\\Database\\Eloquent\\Model->__call('first', Array)
#22 /home/u657893346/domains/kidsstation.fun/public_html/saudi/app/Providers/AppServiceProvider.php(36): Illuminate\\Database\\Eloquent\\Model::__callStatic('first', Array)
#23 /home/u657893346/domains/kidsstation.fun/public_html/saudi/vendor/laravel/framework/src/Illuminate/Container/BoundMethod.php(36): App\\Providers\\AppServiceProvider->boot()
#24 /home/u657893346/domains/kidsstation.fun/public_html/saudi/vendor/laravel/framework/src/Illuminate/Container/Util.php(37): Illuminate\\Container\\BoundMethod::Illuminate\\Container\\{closure}()
#25 /home/u657893346/domains/kidsstation.fun/public_html/saudi/vendor/laravel/framework/src/Illuminate/Container/BoundMethod.php(93): Illuminate\\Container\\Util::unwrapIfClosure(Object(Closure))
#26 /home/u657893346/domains/kidsstation.fun/public_html/saudi/vendor/laravel/framework/src/Illuminate/Container/BoundMethod.php(37): Illuminate\\Container\\BoundMethod::callBoundMethod(Object(Illuminate\\Foundation\\Application), Array, Object(Closure))
#27 /home/u657893346/domains/kidsstation.fun/public_html/saudi/vendor/laravel/framework/src/Illuminate/Container/Container.php(596): Illuminate\\Container\\BoundMethod::call(Object(Illuminate\\Foundation\\Application), Array, Array, NULL)
#28 /home/u657893346/domains/kidsstation.fun/public_html/saudi/vendor/laravel/framework/src/Illuminate/Foundation/Application.php(867): Illuminate\\Container\\Container->call(Array)
#29 /home/u657893346/domains/kidsstation.fun/public_html/saudi/vendor/laravel/framework/src/Illuminate/Foundation/Application.php(850): Illuminate\\Foundation\\Application->bootProvider(Object(App\\Providers\\AppServiceProvider))
#30 [internal function]: Illuminate\\Foundation\\Application->Illuminate\\Foundation\\{closure}(Object(App\\Providers\\AppServiceProvider), 33)
#31 /home/u657893346/domains/kidsstation.fun/public_html/saudi/vendor/laravel/framework/src/Illuminate/Foundation/Application.php(851): array_walk(Array, Object(Closure))
#32 /home/u657893346/domains/kidsstation.fun/public_html/saudi/vendor/laravel/framework/src/Illuminate/Foundation/Bootstrap/BootProviders.php(17): Illuminate\\Foundation\\Application->boot()
#33 /home/u657893346/domains/kidsstation.fun/public_html/saudi/vendor/laravel/framework/src/Illuminate/Foundation/Application.php(230): Illuminate\\Foundation\\Bootstrap\\BootProviders->bootstrap(Object(Illuminate\\Foundation\\Application))
#34 /home/u657893346/domains/kidsstation.fun/public_html/saudi/vendor/laravel/framework/src/Illuminate/Foundation/Console/Kernel.php(310): Illuminate\\Foundation\\Application->bootstrapWith(Array)
#35 /home/u657893346/domains/kidsstation.fun/public_html/saudi/vendor/laravel/framework/src/Illuminate/Foundation/Console/Kernel.php(127): Illuminate\\Foundation\\Console\\Kernel->bootstrap()
#36 /home/u657893346/domains/kidsstation.fun/public_html/saudi/artisan(37): Illuminate\\Foundation\\Console\\Kernel->handle(Object(Symfony\\Component\\Console\\Input\\ArgvInput), Object(Symfony\\Component\\Console\\Output\\ConsoleOutput))
#37 {main}
"} 
[2023-02-16 13:33:39] local.ERROR: SQLSTATE[HY000] [1045] Access denied for user 'root'@'localhost' (using password: NO) (SQL: select * from `general_settings` limit 1) {"exception":"[object] (Illuminate\\Database\\QueryException(code: 1045): SQLSTATE[HY000] [1045] Access denied for user 'root'@'localhost' (using password: NO) (SQL: select * from `general_settings` limit 1) at /home/u657893346/domains/kidsstation.fun/public_html/saudi/vendor/laravel/framework/src/Illuminate/Database/Connection.php:671)
[stacktrace]
#0 /home/u657893346/domains/kidsstation.fun/public_html/saudi/vendor/laravel/framework/src/Illuminate/Database/Connection.php(631): Illuminate\\Database\\Connection->runQueryCallback('select * from `...', Array, Object(Closure))
#1 /home/u657893346/domains/kidsstation.fun/public_html/saudi/vendor/laravel/framework/src/Illuminate/Database/Connection.php(339): Illuminate\\Database\\Connection->run('select * from `...', Array, Object(Closure))
#2 /home/u657893346/domains/kidsstation.fun/public_html/saudi/vendor/laravel/framework/src/Illuminate/Database/Query/Builder.php(2270): Illuminate\\Database\\Connection->select('select * from `...', Array, true)
#3 /home/u657893346/domains/kidsstation.fun/public_html/saudi/vendor/laravel/framework/src/Illuminate/Database/Query/Builder.php(2258): Illuminate\\Database\\Query\\Builder->runSelect()
#4 /home/u657893346/domains/kidsstation.fun/public_html/saudi/vendor/laravel/framework/src/Illuminate/Database/Query/Builder.php(2753): Illuminate\\Database\\Query\\Builder->Illuminate\\Database\\Query\\{closure}()
#5 /home/u657893346/domains/kidsstation.fun/public_html/saudi/vendor/laravel/framework/src/Illuminate/Database/Query/Builder.php(2259): Illuminate\\Database\\Query\\Builder->onceWithColumns(Array, Object(Closure))
#6 /home/u657893346/domains/kidsstation.fun/public_html/saudi/vendor/laravel/framework/src/Illuminate/Database/Eloquent/Builder.php(548): Illuminate\\Database\\Query\\Builder->get(Array)
#7 /home/u657893346/domains/kidsstation.fun/public_html/saudi/vendor/laravel/framework/src/Illuminate/Database/Eloquent/Builder.php(532): Illuminate\\Database\\Eloquent\\Builder->getModels(Array)
#8 /home/u657893346/domains/kidsstation.fun/public_html/saudi/vendor/laravel/framework/src/Illuminate/Database/Concerns/BuildsQueries.php(143): Illuminate\\Database\\Eloquent\\Builder->get(Array)
#9 /home/u657893346/domains/kidsstation.fun/public_html/saudi/vendor/laravel/framework/src/Illuminate/Support/Traits/ForwardsCalls.php(23): Illuminate\\Database\\Eloquent\\Builder->first()
#10 /home/u657893346/domains/kidsstation.fun/public_html/saudi/vendor/laravel/framework/src/Illuminate/Database/Eloquent/Model.php(1736): Illuminate\\Database\\Eloquent\\Model->forwardCallTo(Object(Illuminate\\Database\\Eloquent\\Builder), 'first', Array)
#11 /home/u657893346/domains/kidsstation.fun/public_html/saudi/vendor/laravel/framework/src/Illuminate/Database/Eloquent/Model.php(1748): Illuminate\\Database\\Eloquent\\Model->__call('first', Array)
#12 /home/u657893346/domains/kidsstation.fun/public_html/saudi/app/Providers/AppServiceProvider.php(36): Illuminate\\Database\\Eloquent\\Model::__callStatic('first', Array)
#13 /home/u657893346/domains/kidsstation.fun/public_html/saudi/vendor/laravel/framework/src/Illuminate/Container/BoundMethod.php(36): App\\Providers\\AppServiceProvider->boot()
#14 /home/u657893346/domains/kidsstation.fun/public_html/saudi/vendor/laravel/framework/src/Illuminate/Container/Util.php(37): Illuminate\\Container\\BoundMethod::Illuminate\\Container\\{closure}()
#15 /home/u657893346/domains/kidsstation.fun/public_html/saudi/vendor/laravel/framework/src/Illuminate/Container/BoundMethod.php(93): Illuminate\\Container\\Util::unwrapIfClosure(Object(Closure))
#16 /home/u657893346/domains/kidsstation.fun/public_html/saudi/vendor/laravel/framework/src/Illuminate/Container/BoundMethod.php(37): Illuminate\\Container\\BoundMethod::callBoundMethod(Object(Illuminate\\Foundation\\Application), Array, Object(Closure))
#17 /home/u657893346/domains/kidsstation.fun/public_html/saudi/vendor/laravel/framework/src/Illuminate/Container/Container.php(596): Illuminate\\Container\\BoundMethod::call(Object(Illuminate\\Foundation\\Application), Array, Array, NULL)
#18 /home/u657893346/domains/kidsstation.fun/public_html/saudi/vendor/laravel/framework/src/Illuminate/Foundation/Application.php(867): Illuminate\\Container\\Container->call(Array)
#19 /home/u657893346/domains/kidsstation.fun/public_html/saudi/vendor/laravel/framework/src/Illuminate/Foundation/Application.php(850): Illuminate\\Foundation\\Application->bootProvider(Object(App\\Providers\\AppServiceProvider))
#20 [internal function]: Illuminate\\Foundation\\Application->Illuminate\\Foundation\\{closure}(Object(App\\Providers\\AppServiceProvider), 33)
#21 /home/u657893346/domains/kidsstation.fun/public_html/saudi/vendor/laravel/framework/src/Illuminate/Foundation/Application.php(851): array_walk(Array, Object(Closure))
#22 /home/u657893346/domains/kidsstation.fun/public_html/saudi/vendor/laravel/framework/src/Illuminate/Foundation/Bootstrap/BootProviders.php(17): Illuminate\\Foundation\\Application->boot()
#23 /home/u657893346/domains/kidsstation.fun/public_html/saudi/vendor/laravel/framework/src/Illuminate/Foundation/Application.php(230): Illuminate\\Foundation\\Bootstrap\\BootProviders->bootstrap(Object(Illuminate\\Foundation\\Application))
#24 /home/u657893346/domains/kidsstation.fun/public_html/saudi/vendor/laravel/framework/src/Illuminate/Foundation/Console/Kernel.php(310): Illuminate\\Foundation\\Application->bootstrapWith(Array)
#25 /home/u657893346/domains/kidsstation.fun/public_html/saudi/vendor/laravel/framework/src/Illuminate/Foundation/Console/Kernel.php(127): Illuminate\\Foundation\\Console\\Kernel->bootstrap()
#26 /home/u657893346/domains/kidsstation.fun/public_html/saudi/artisan(37): Illuminate\\Foundation\\Console\\Kernel->handle(Object(Symfony\\Component\\Console\\Input\\ArgvInput), Object(Symfony\\Component\\Console\\Output\\ConsoleOutput))
#27 {main}

[previous exception] [object] (PDOException(code: 1045): SQLSTATE[HY000] [1045] Access denied for user 'root'@'localhost' (using password: NO) at /home/u657893346/domains/kidsstation.fun/public_html/saudi/vendor/laravel/framework/src/Illuminate/Database/Connectors/Connector.php:70)
[stacktrace]
#0 /home/u657893346/domains/kidsstation.fun/public_html/saudi/vendor/laravel/framework/src/Illuminate/Database/Connectors/Connector.php(70): PDO->__construct('mysql:host=loca...', 'root', '', Array)
#1 /home/u657893346/domains/kidsstation.fun/public_html/saudi/vendor/laravel/framework/src/Illuminate/Database/Connectors/Connector.php(46): Illuminate\\Database\\Connectors\\Connector->createPdoConnection('mysql:host=loca...', 'root', '', Array)
#2 /home/u657893346/domains/kidsstation.fun/public_html/saudi/vendor/laravel/framework/src/Illuminate/Database/Connectors/MySqlConnector.php(24): Illuminate\\Database\\Connectors\\Connector->createConnection('mysql:host=loca...', Array, Array)
#3 /home/u657893346/domains/kidsstation.fun/public_html/saudi/vendor/laravel/framework/src/Illuminate/Database/Connectors/ConnectionFactory.php(184): Illuminate\\Database\\Connectors\\MySqlConnector->connect(Array)
#4 [internal function]: Illuminate\\Database\\Connectors\\ConnectionFactory->Illuminate\\Database\\Connectors\\{closure}()
#5 /home/u657893346/domains/kidsstation.fun/public_html/saudi/vendor/laravel/framework/src/Illuminate/Database/Connection.php(926): call_user_func(Object(Closure))
#6 /home/u657893346/domains/kidsstation.fun/public_html/saudi/vendor/laravel/framework/src/Illuminate/Database/Connection.php(961): Illuminate\\Database\\Connection->getPdo()
#7 /home/u657893346/domains/kidsstation.fun/public_html/saudi/vendor/laravel/framework/src/Illuminate/Database/Connection.php(405): Illuminate\\Database\\Connection->getReadPdo()
#8 /home/u657893346/domains/kidsstation.fun/public_html/saudi/vendor/laravel/framework/src/Illuminate/Database/Connection.php(331): Illuminate\\Database\\Connection->getPdoForSelect(true)
#9 /home/u657893346/domains/kidsstation.fun/public_html/saudi/vendor/laravel/framework/src/Illuminate/Database/Connection.php(664): Illuminate\\Database\\Connection->Illuminate\\Database\\{closure}('select * from `...', Array)
#10 /home/u657893346/domains/kidsstation.fun/public_html/saudi/vendor/laravel/framework/src/Illuminate/Database/Connection.php(631): Illuminate\\Database\\Connection->runQueryCallback('select * from `...', Array, Object(Closure))
#11 /home/u657893346/domains/kidsstation.fun/public_html/saudi/vendor/laravel/framework/src/Illuminate/Database/Connection.php(339): Illuminate\\Database\\Connection->run('select * from `...', Array, Object(Closure))
#12 /home/u657893346/domains/kidsstation.fun/public_html/saudi/vendor/laravel/framework/src/Illuminate/Database/Query/Builder.php(2270): Illuminate\\Database\\Connection->select('select * from `...', Array, true)
#13 /home/u657893346/domains/kidsstation.fun/public_html/saudi/vendor/laravel/framework/src/Illuminate/Database/Query/Builder.php(2258): Illuminate\\Database\\Query\\Builder->runSelect()
#14 /home/u657893346/domains/kidsstation.fun/public_html/saudi/vendor/laravel/framework/src/Illuminate/Database/Query/Builder.php(2753): Illuminate\\Database\\Query\\Builder->Illuminate\\Database\\Query\\{closure}()
#15 /home/u657893346/domains/kidsstation.fun/public_html/saudi/vendor/laravel/framework/src/Illuminate/Database/Query/Builder.php(2259): Illuminate\\Database\\Query\\Builder->onceWithColumns(Array, Object(Closure))
#16 /home/u657893346/domains/kidsstation.fun/public_html/saudi/vendor/laravel/framework/src/Illuminate/Database/Eloquent/Builder.php(548): Illuminate\\Database\\Query\\Builder->get(Array)
#17 /home/u657893346/domains/kidsstation.fun/public_html/saudi/vendor/laravel/framework/src/Illuminate/Database/Eloquent/Builder.php(532): Illuminate\\Database\\Eloquent\\Builder->getModels(Array)
#18 /home/u657893346/domains/kidsstation.fun/public_html/saudi/vendor/laravel/framework/src/Illuminate/Database/Concerns/BuildsQueries.php(143): Illuminate\\Database\\Eloquent\\Builder->get(Array)
#19 /home/u657893346/domains/kidsstation.fun/public_html/saudi/vendor/laravel/framework/src/Illuminate/Support/Traits/ForwardsCalls.php(23): Illuminate\\Database\\Eloquent\\Builder->first()
#20 /home/u657893346/domains/kidsstation.fun/public_html/saudi/vendor/laravel/framework/src/Illuminate/Database/Eloquent/Model.php(1736): Illuminate\\Database\\Eloquent\\Model->forwardCallTo(Object(Illuminate\\Database\\Eloquent\\Builder), 'first', Array)
#21 /home/u657893346/domains/kidsstation.fun/public_html/saudi/vendor/laravel/framework/src/Illuminate/Database/Eloquent/Model.php(1748): Illuminate\\Database\\Eloquent\\Model->__call('first', Array)
#22 /home/u657893346/domains/kidsstation.fun/public_html/saudi/app/Providers/AppServiceProvider.php(36): Illuminate\\Database\\Eloquent\\Model::__callStatic('first', Array)
#23 /home/u657893346/domains/kidsstation.fun/public_html/saudi/vendor/laravel/framework/src/Illuminate/Container/BoundMethod.php(36): App\\Providers\\AppServiceProvider->boot()
#24 /home/u657893346/domains/kidsstation.fun/public_html/saudi/vendor/laravel/framework/src/Illuminate/Container/Util.php(37): Illuminate\\Container\\BoundMethod::Illuminate\\Container\\{closure}()
#25 /home/u657893346/domains/kidsstation.fun/public_html/saudi/vendor/laravel/framework/src/Illuminate/Container/BoundMethod.php(93): Illuminate\\Container\\Util::unwrapIfClosure(Object(Closure))
#26 /home/u657893346/domains/kidsstation.fun/public_html/saudi/vendor/laravel/framework/src/Illuminate/Container/BoundMethod.php(37): Illuminate\\Container\\BoundMethod::callBoundMethod(Object(Illuminate\\Foundation\\Application), Array, Object(Closure))
#27 /home/u657893346/domains/kidsstation.fun/public_html/saudi/vendor/laravel/framework/src/Illuminate/Container/Container.php(596): Illuminate\\Container\\BoundMethod::call(Object(Illuminate\\Foundation\\Application), Array, Array, NULL)
#28 /home/u657893346/domains/kidsstation.fun/public_html/saudi/vendor/laravel/framework/src/Illuminate/Foundation/Application.php(867): Illuminate\\Container\\Container->call(Array)
#29 /home/u657893346/domains/kidsstation.fun/public_html/saudi/vendor/laravel/framework/src/Illuminate/Foundation/Application.php(850): Illuminate\\Foundation\\Application->bootProvider(Object(App\\Providers\\AppServiceProvider))
#30 [internal function]: Illuminate\\Foundation\\Application->Illuminate\\Foundation\\{closure}(Object(App\\Providers\\AppServiceProvider), 33)
#31 /home/u657893346/domains/kidsstation.fun/public_html/saudi/vendor/laravel/framework/src/Illuminate/Foundation/Application.php(851): array_walk(Array, Object(Closure))
#32 /home/u657893346/domains/kidsstation.fun/public_html/saudi/vendor/laravel/framework/src/Illuminate/Foundation/Bootstrap/BootProviders.php(17): Illuminate\\Foundation\\Application->boot()
#33 /home/u657893346/domains/kidsstation.fun/public_html/saudi/vendor/laravel/framework/src/Illuminate/Foundation/Application.php(230): Illuminate\\Foundation\\Bootstrap\\BootProviders->bootstrap(Object(Illuminate\\Foundation\\Application))
#34 /home/u657893346/domains/kidsstation.fun/public_html/saudi/vendor/laravel/framework/src/Illuminate/Foundation/Console/Kernel.php(310): Illuminate\\Foundation\\Application->bootstrapWith(Array)
#35 /home/u657893346/domains/kidsstation.fun/public_html/saudi/vendor/laravel/framework/src/Illuminate/Foundation/Console/Kernel.php(127): Illuminate\\Foundation\\Console\\Kernel->bootstrap()
#36 /home/u657893346/domains/kidsstation.fun/public_html/saudi/artisan(37): Illuminate\\Foundation\\Console\\Kernel->handle(Object(Symfony\\Component\\Console\\Input\\ArgvInput), Object(Symfony\\Component\\Console\\Output\\ConsoleOutput))
#37 {main}
"} 
[2023-02-16 13:36:50] local.ERROR: SQLSTATE[HY000] [1045] Access denied for user 'root'@'localhost' (using password: NO) (SQL: select * from `general_settings` limit 1) {"exception":"[object] (Illuminate\\Database\\QueryException(code: 1045): SQLSTATE[HY000] [1045] Access denied for user 'root'@'localhost' (using password: NO) (SQL: select * from `general_settings` limit 1) at /home/u657893346/domains/kidsstation.fun/public_html/saudi/vendor/laravel/framework/src/Illuminate/Database/Connection.php:671)
[stacktrace]
#0 /home/u657893346/domains/kidsstation.fun/public_html/saudi/vendor/laravel/framework/src/Illuminate/Database/Connection.php(631): Illuminate\\Database\\Connection->runQueryCallback('select * from `...', Array, Object(Closure))
#1 /home/u657893346/domains/kidsstation.fun/public_html/saudi/vendor/laravel/framework/src/Illuminate/Database/Connection.php(339): Illuminate\\Database\\Connection->run('select * from `...', Array, Object(Closure))
#2 /home/u657893346/domains/kidsstation.fun/public_html/saudi/vendor/laravel/framework/src/Illuminate/Database/Query/Builder.php(2270): Illuminate\\Database\\Connection->select('select * from `...', Array, true)
#3 /home/u657893346/domains/kidsstation.fun/public_html/saudi/vendor/laravel/framework/src/Illuminate/Database/Query/Builder.php(2258): Illuminate\\Database\\Query\\Builder->runSelect()
#4 /home/u657893346/domains/kidsstation.fun/public_html/saudi/vendor/laravel/framework/src/Illuminate/Database/Query/Builder.php(2753): Illuminate\\Database\\Query\\Builder->Illuminate\\Database\\Query\\{closure}()
#5 /home/u657893346/domains/kidsstation.fun/public_html/saudi/vendor/laravel/framework/src/Illuminate/Database/Query/Builder.php(2259): Illuminate\\Database\\Query\\Builder->onceWithColumns(Array, Object(Closure))
#6 /home/u657893346/domains/kidsstation.fun/public_html/saudi/vendor/laravel/framework/src/Illuminate/Database/Eloquent/Builder.php(548): Illuminate\\Database\\Query\\Builder->get(Array)
#7 /home/u657893346/domains/kidsstation.fun/public_html/saudi/vendor/laravel/framework/src/Illuminate/Database/Eloquent/Builder.php(532): Illuminate\\Database\\Eloquent\\Builder->getModels(Array)
#8 /home/u657893346/domains/kidsstation.fun/public_html/saudi/vendor/laravel/framework/src/Illuminate/Database/Concerns/BuildsQueries.php(143): Illuminate\\Database\\Eloquent\\Builder->get(Array)
#9 /home/u657893346/domains/kidsstation.fun/public_html/saudi/vendor/laravel/framework/src/Illuminate/Support/Traits/ForwardsCalls.php(23): Illuminate\\Database\\Eloquent\\Builder->first()
#10 /home/u657893346/domains/kidsstation.fun/public_html/saudi/vendor/laravel/framework/src/Illuminate/Database/Eloquent/Model.php(1736): Illuminate\\Database\\Eloquent\\Model->forwardCallTo(Object(Illuminate\\Database\\Eloquent\\Builder), 'first', Array)
#11 /home/u657893346/domains/kidsstation.fun/public_html/saudi/vendor/laravel/framework/src/Illuminate/Database/Eloquent/Model.php(1748): Illuminate\\Database\\Eloquent\\Model->__call('first', Array)
#12 /home/u657893346/domains/kidsstation.fun/public_html/saudi/app/Providers/AppServiceProvider.php(36): Illuminate\\Database\\Eloquent\\Model::__callStatic('first', Array)
#13 /home/u657893346/domains/kidsstation.fun/public_html/saudi/vendor/laravel/framework/src/Illuminate/Container/BoundMethod.php(36): App\\Providers\\AppServiceProvider->boot()
#14 /home/u657893346/domains/kidsstation.fun/public_html/saudi/vendor/laravel/framework/src/Illuminate/Container/Util.php(37): Illuminate\\Container\\BoundMethod::Illuminate\\Container\\{closure}()
#15 /home/u657893346/domains/kidsstation.fun/public_html/saudi/vendor/laravel/framework/src/Illuminate/Container/BoundMethod.php(93): Illuminate\\Container\\Util::unwrapIfClosure(Object(Closure))
#16 /home/u657893346/domains/kidsstation.fun/public_html/saudi/vendor/laravel/framework/src/Illuminate/Container/BoundMethod.php(37): Illuminate\\Container\\BoundMethod::callBoundMethod(Object(Illuminate\\Foundation\\Application), Array, Object(Closure))
#17 /home/u657893346/domains/kidsstation.fun/public_html/saudi/vendor/laravel/framework/src/Illuminate/Container/Container.php(596): Illuminate\\Container\\BoundMethod::call(Object(Illuminate\\Foundation\\Application), Array, Array, NULL)
#18 /home/u657893346/domains/kidsstation.fun/public_html/saudi/vendor/laravel/framework/src/Illuminate/Foundation/Application.php(867): Illuminate\\Container\\Container->call(Array)
#19 /home/u657893346/domains/kidsstation.fun/public_html/saudi/vendor/laravel/framework/src/Illuminate/Foundation/Application.php(850): Illuminate\\Foundation\\Application->bootProvider(Object(App\\Providers\\AppServiceProvider))
#20 [internal function]: Illuminate\\Foundation\\Application->Illuminate\\Foundation\\{closure}(Object(App\\Providers\\AppServiceProvider), 33)
#21 /home/u657893346/domains/kidsstation.fun/public_html/saudi/vendor/laravel/framework/src/Illuminate/Foundation/Application.php(851): array_walk(Array, Object(Closure))
#22 /home/u657893346/domains/kidsstation.fun/public_html/saudi/vendor/laravel/framework/src/Illuminate/Foundation/Bootstrap/BootProviders.php(17): Illuminate\\Foundation\\Application->boot()
#23 /home/u657893346/domains/kidsstation.fun/public_html/saudi/vendor/laravel/framework/src/Illuminate/Foundation/Application.php(230): Illuminate\\Foundation\\Bootstrap\\BootProviders->bootstrap(Object(Illuminate\\Foundation\\Application))
#24 /home/u657893346/domains/kidsstation.fun/public_html/saudi/vendor/laravel/framework/src/Illuminate/Foundation/Console/Kernel.php(310): Illuminate\\Foundation\\Application->bootstrapWith(Array)
#25 /home/u657893346/domains/kidsstation.fun/public_html/saudi/vendor/laravel/framework/src/Illuminate/Foundation/Console/Kernel.php(127): Illuminate\\Foundation\\Console\\Kernel->bootstrap()
#26 /home/u657893346/domains/kidsstation.fun/public_html/saudi/artisan(37): Illuminate\\Foundation\\Console\\Kernel->handle(Object(Symfony\\Component\\Console\\Input\\ArgvInput), Object(Symfony\\Component\\Console\\Output\\ConsoleOutput))
#27 {main}

[previous exception] [object] (PDOException(code: 1045): SQLSTATE[HY000] [1045] Access denied for user 'root'@'localhost' (using password: NO) at /home/u657893346/domains/kidsstation.fun/public_html/saudi/vendor/laravel/framework/src/Illuminate/Database/Connectors/Connector.php:70)
[stacktrace]
#0 /home/u657893346/domains/kidsstation.fun/public_html/saudi/vendor/laravel/framework/src/Illuminate/Database/Connectors/Connector.php(70): PDO->__construct('mysql:host=loca...', 'root', '', Array)
#1 /home/u657893346/domains/kidsstation.fun/public_html/saudi/vendor/laravel/framework/src/Illuminate/Database/Connectors/Connector.php(46): Illuminate\\Database\\Connectors\\Connector->createPdoConnection('mysql:host=loca...', 'root', '', Array)
#2 /home/u657893346/domains/kidsstation.fun/public_html/saudi/vendor/laravel/framework/src/Illuminate/Database/Connectors/MySqlConnector.php(24): Illuminate\\Database\\Connectors\\Connector->createConnection('mysql:host=loca...', Array, Array)
#3 /home/u657893346/domains/kidsstation.fun/public_html/saudi/vendor/laravel/framework/src/Illuminate/Database/Connectors/ConnectionFactory.php(184): Illuminate\\Database\\Connectors\\MySqlConnector->connect(Array)
#4 [internal function]: Illuminate\\Database\\Connectors\\ConnectionFactory->Illuminate\\Database\\Connectors\\{closure}()
#5 /home/u657893346/domains/kidsstation.fun/public_html/saudi/vendor/laravel/framework/src/Illuminate/Database/Connection.php(926): call_user_func(Object(Closure))
#6 /home/u657893346/domains/kidsstation.fun/public_html/saudi/vendor/laravel/framework/src/Illuminate/Database/Connection.php(961): Illuminate\\Database\\Connection->getPdo()
#7 /home/u657893346/domains/kidsstation.fun/public_html/saudi/vendor/laravel/framework/src/Illuminate/Database/Connection.php(405): Illuminate\\Database\\Connection->getReadPdo()
#8 /home/u657893346/domains/kidsstation.fun/public_html/saudi/vendor/laravel/framework/src/Illuminate/Database/Connection.php(331): Illuminate\\Database\\Connection->getPdoForSelect(true)
#9 /home/u657893346/domains/kidsstation.fun/public_html/saudi/vendor/laravel/framework/src/Illuminate/Database/Connection.php(664): Illuminate\\Database\\Connection->Illuminate\\Database\\{closure}('select * from `...', Array)
#10 /home/u657893346/domains/kidsstation.fun/public_html/saudi/vendor/laravel/framework/src/Illuminate/Database/Connection.php(631): Illuminate\\Database\\Connection->runQueryCallback('select * from `...', Array, Object(Closure))
#11 /home/u657893346/domains/kidsstation.fun/public_html/saudi/vendor/laravel/framework/src/Illuminate/Database/Connection.php(339): Illuminate\\Database\\Connection->run('select * from `...', Array, Object(Closure))
#12 /home/u657893346/domains/kidsstation.fun/public_html/saudi/vendor/laravel/framework/src/Illuminate/Database/Query/Builder.php(2270): Illuminate\\Database\\Connection->select('select * from `...', Array, true)
#13 /home/u657893346/domains/kidsstation.fun/public_html/saudi/vendor/laravel/framework/src/Illuminate/Database/Query/Builder.php(2258): Illuminate\\Database\\Query\\Builder->runSelect()
#14 /home/u657893346/domains/kidsstation.fun/public_html/saudi/vendor/laravel/framework/src/Illuminate/Database/Query/Builder.php(2753): Illuminate\\Database\\Query\\Builder->Illuminate\\Database\\Query\\{closure}()
#15 /home/u657893346/domains/kidsstation.fun/public_html/saudi/vendor/laravel/framework/src/Illuminate/Database/Query/Builder.php(2259): Illuminate\\Database\\Query\\Builder->onceWithColumns(Array, Object(Closure))
#16 /home/u657893346/domains/kidsstation.fun/public_html/saudi/vendor/laravel/framework/src/Illuminate/Database/Eloquent/Builder.php(548): Illuminate\\Database\\Query\\Builder->get(Array)
#17 /home/u657893346/domains/kidsstation.fun/public_html/saudi/vendor/laravel/framework/src/Illuminate/Database/Eloquent/Builder.php(532): Illuminate\\Database\\Eloquent\\Builder->getModels(Array)
#18 /home/u657893346/domains/kidsstation.fun/public_html/saudi/vendor/laravel/framework/src/Illuminate/Database/Concerns/BuildsQueries.php(143): Illuminate\\Database\\Eloquent\\Builder->get(Array)
#19 /home/u657893346/domains/kidsstation.fun/public_html/saudi/vendor/laravel/framework/src/Illuminate/Support/Traits/ForwardsCalls.php(23): Illuminate\\Database\\Eloquent\\Builder->first()
#20 /home/u657893346/domains/kidsstation.fun/public_html/saudi/vendor/laravel/framework/src/Illuminate/Database/Eloquent/Model.php(1736): Illuminate\\Database\\Eloquent\\Model->forwardCallTo(Object(Illuminate\\Database\\Eloquent\\Builder), 'first', Array)
#21 /home/u657893346/domains/kidsstation.fun/public_html/saudi/vendor/laravel/framework/src/Illuminate/Database/Eloquent/Model.php(1748): Illuminate\\Database\\Eloquent\\Model->__call('first', Array)
#22 /home/u657893346/domains/kidsstation.fun/public_html/saudi/app/Providers/AppServiceProvider.php(36): Illuminate\\Database\\Eloquent\\Model::__callStatic('first', Array)
#23 /home/u657893346/domains/kidsstation.fun/public_html/saudi/vendor/laravel/framework/src/Illuminate/Container/BoundMethod.php(36): App\\Providers\\AppServiceProvider->boot()
#24 /home/u657893346/domains/kidsstation.fun/public_html/saudi/vendor/laravel/framework/src/Illuminate/Container/Util.php(37): Illuminate\\Container\\BoundMethod::Illuminate\\Container\\{closure}()
#25 /home/u657893346/domains/kidsstation.fun/public_html/saudi/vendor/laravel/framework/src/Illuminate/Container/BoundMethod.php(93): Illuminate\\Container\\Util::unwrapIfClosure(Object(Closure))
#26 /home/u657893346/domains/kidsstation.fun/public_html/saudi/vendor/laravel/framework/src/Illuminate/Container/BoundMethod.php(37): Illuminate\\Container\\BoundMethod::callBoundMethod(Object(Illuminate\\Foundation\\Application), Array, Object(Closure))
#27 /home/u657893346/domains/kidsstation.fun/public_html/saudi/vendor/laravel/framework/src/Illuminate/Container/Container.php(596): Illuminate\\Container\\BoundMethod::call(Object(Illuminate\\Foundation\\Application), Array, Array, NULL)
#28 /home/u657893346/domains/kidsstation.fun/public_html/saudi/vendor/laravel/framework/src/Illuminate/Foundation/Application.php(867): Illuminate\\Container\\Container->call(Array)
#29 /home/u657893346/domains/kidsstation.fun/public_html/saudi/vendor/laravel/framework/src/Illuminate/Foundation/Application.php(850): Illuminate\\Foundation\\Application->bootProvider(Object(App\\Providers\\AppServiceProvider))
#30 [internal function]: Illuminate\\Foundation\\Application->Illuminate\\Foundation\\{closure}(Object(App\\Providers\\AppServiceProvider), 33)
#31 /home/u657893346/domains/kidsstation.fun/public_html/saudi/vendor/laravel/framework/src/Illuminate/Foundation/Application.php(851): array_walk(Array, Object(Closure))
#32 /home/u657893346/domains/kidsstation.fun/public_html/saudi/vendor/laravel/framework/src/Illuminate/Foundation/Bootstrap/BootProviders.php(17): Illuminate\\Foundation\\Application->boot()
#33 /home/u657893346/domains/kidsstation.fun/public_html/saudi/vendor/laravel/framework/src/Illuminate/Foundation/Application.php(230): Illuminate\\Foundation\\Bootstrap\\BootProviders->bootstrap(Object(Illuminate\\Foundation\\Application))
#34 /home/u657893346/domains/kidsstation.fun/public_html/saudi/vendor/laravel/framework/src/Illuminate/Foundation/Console/Kernel.php(310): Illuminate\\Foundation\\Application->bootstrapWith(Array)
#35 /home/u657893346/domains/kidsstation.fun/public_html/saudi/vendor/laravel/framework/src/Illuminate/Foundation/Console/Kernel.php(127): Illuminate\\Foundation\\Console\\Kernel->bootstrap()
#36 /home/u657893346/domains/kidsstation.fun/public_html/saudi/artisan(37): Illuminate\\Foundation\\Console\\Kernel->handle(Object(Symfony\\Component\\Console\\Input\\ArgvInput), Object(Symfony\\Component\\Console\\Output\\ConsoleOutput))
#37 {main}
"} 
[2023-02-16 13:37:05] local.ERROR: SQLSTATE[HY000] [1045] Access denied for user 'root'@'localhost' (using password: NO) (SQL: select * from `general_settings` limit 1) {"exception":"[object] (Illuminate\\Database\\QueryException(code: 1045): SQLSTATE[HY000] [1045] Access denied for user 'root'@'localhost' (using password: NO) (SQL: select * from `general_settings` limit 1) at /home/u657893346/domains/kidsstation.fun/public_html/saudi/vendor/laravel/framework/src/Illuminate/Database/Connection.php:671)
[stacktrace]
#0 /home/u657893346/domains/kidsstation.fun/public_html/saudi/vendor/laravel/framework/src/Illuminate/Database/Connection.php(631): Illuminate\\Database\\Connection->runQueryCallback('select * from `...', Array, Object(Closure))
#1 /home/u657893346/domains/kidsstation.fun/public_html/saudi/vendor/laravel/framework/src/Illuminate/Database/Connection.php(339): Illuminate\\Database\\Connection->run('select * from `...', Array, Object(Closure))
#2 /home/u657893346/domains/kidsstation.fun/public_html/saudi/vendor/laravel/framework/src/Illuminate/Database/Query/Builder.php(2270): Illuminate\\Database\\Connection->select('select * from `...', Array, true)
#3 /home/u657893346/domains/kidsstation.fun/public_html/saudi/vendor/laravel/framework/src/Illuminate/Database/Query/Builder.php(2258): Illuminate\\Database\\Query\\Builder->runSelect()
#4 /home/u657893346/domains/kidsstation.fun/public_html/saudi/vendor/laravel/framework/src/Illuminate/Database/Query/Builder.php(2753): Illuminate\\Database\\Query\\Builder->Illuminate\\Database\\Query\\{closure}()
#5 /home/u657893346/domains/kidsstation.fun/public_html/saudi/vendor/laravel/framework/src/Illuminate/Database/Query/Builder.php(2259): Illuminate\\Database\\Query\\Builder->onceWithColumns(Array, Object(Closure))
#6 /home/u657893346/domains/kidsstation.fun/public_html/saudi/vendor/laravel/framework/src/Illuminate/Database/Eloquent/Builder.php(548): Illuminate\\Database\\Query\\Builder->get(Array)
#7 /home/u657893346/domains/kidsstation.fun/public_html/saudi/vendor/laravel/framework/src/Illuminate/Database/Eloquent/Builder.php(532): Illuminate\\Database\\Eloquent\\Builder->getModels(Array)
#8 /home/u657893346/domains/kidsstation.fun/public_html/saudi/vendor/laravel/framework/src/Illuminate/Database/Concerns/BuildsQueries.php(143): Illuminate\\Database\\Eloquent\\Builder->get(Array)
#9 /home/u657893346/domains/kidsstation.fun/public_html/saudi/vendor/laravel/framework/src/Illuminate/Support/Traits/ForwardsCalls.php(23): Illuminate\\Database\\Eloquent\\Builder->first()
#10 /home/u657893346/domains/kidsstation.fun/public_html/saudi/vendor/laravel/framework/src/Illuminate/Database/Eloquent/Model.php(1736): Illuminate\\Database\\Eloquent\\Model->forwardCallTo(Object(Illuminate\\Database\\Eloquent\\Builder), 'first', Array)
#11 /home/u657893346/domains/kidsstation.fun/public_html/saudi/vendor/laravel/framework/src/Illuminate/Database/Eloquent/Model.php(1748): Illuminate\\Database\\Eloquent\\Model->__call('first', Array)
#12 /home/u657893346/domains/kidsstation.fun/public_html/saudi/app/Providers/AppServiceProvider.php(36): Illuminate\\Database\\Eloquent\\Model::__callStatic('first', Array)
#13 /home/u657893346/domains/kidsstation.fun/public_html/saudi/vendor/laravel/framework/src/Illuminate/Container/BoundMethod.php(36): App\\Providers\\AppServiceProvider->boot()
#14 /home/u657893346/domains/kidsstation.fun/public_html/saudi/vendor/laravel/framework/src/Illuminate/Container/Util.php(37): Illuminate\\Container\\BoundMethod::Illuminate\\Container\\{closure}()
#15 /home/u657893346/domains/kidsstation.fun/public_html/saudi/vendor/laravel/framework/src/Illuminate/Container/BoundMethod.php(93): Illuminate\\Container\\Util::unwrapIfClosure(Object(Closure))
#16 /home/u657893346/domains/kidsstation.fun/public_html/saudi/vendor/laravel/framework/src/Illuminate/Container/BoundMethod.php(37): Illuminate\\Container\\BoundMethod::callBoundMethod(Object(Illuminate\\Foundation\\Application), Array, Object(Closure))
#17 /home/u657893346/domains/kidsstation.fun/public_html/saudi/vendor/laravel/framework/src/Illuminate/Container/Container.php(596): Illuminate\\Container\\BoundMethod::call(Object(Illuminate\\Foundation\\Application), Array, Array, NULL)
#18 /home/u657893346/domains/kidsstation.fun/public_html/saudi/vendor/laravel/framework/src/Illuminate/Foundation/Application.php(867): Illuminate\\Container\\Container->call(Array)
#19 /home/u657893346/domains/kidsstation.fun/public_html/saudi/vendor/laravel/framework/src/Illuminate/Foundation/Application.php(850): Illuminate\\Foundation\\Application->bootProvider(Object(App\\Providers\\AppServiceProvider))
#20 [internal function]: Illuminate\\Foundation\\Application->Illuminate\\Foundation\\{closure}(Object(App\\Providers\\AppServiceProvider), 33)
#21 /home/u657893346/domains/kidsstation.fun/public_html/saudi/vendor/laravel/framework/src/Illuminate/Foundation/Application.php(851): array_walk(Array, Object(Closure))
#22 /home/u657893346/domains/kidsstation.fun/public_html/saudi/vendor/laravel/framework/src/Illuminate/Foundation/Bootstrap/BootProviders.php(17): Illuminate\\Foundation\\Application->boot()
#23 /home/u657893346/domains/kidsstation.fun/public_html/saudi/vendor/laravel/framework/src/Illuminate/Foundation/Application.php(230): Illuminate\\Foundation\\Bootstrap\\BootProviders->bootstrap(Object(Illuminate\\Foundation\\Application))
#24 /home/u657893346/domains/kidsstation.fun/public_html/saudi/vendor/laravel/framework/src/Illuminate/Foundation/Console/Kernel.php(310): Illuminate\\Foundation\\Application->bootstrapWith(Array)
#25 /home/u657893346/domains/kidsstation.fun/public_html/saudi/vendor/laravel/framework/src/Illuminate/Foundation/Console/Kernel.php(127): Illuminate\\Foundation\\Console\\Kernel->bootstrap()
#26 /home/u657893346/domains/kidsstation.fun/public_html/saudi/artisan(37): Illuminate\\Foundation\\Console\\Kernel->handle(Object(Symfony\\Component\\Console\\Input\\ArgvInput), Object(Symfony\\Component\\Console\\Output\\ConsoleOutput))
#27 {main}

[previous exception] [object] (PDOException(code: 1045): SQLSTATE[HY000] [1045] Access denied for user 'root'@'localhost' (using password: NO) at /home/u657893346/domains/kidsstation.fun/public_html/saudi/vendor/laravel/framework/src/Illuminate/Database/Connectors/Connector.php:70)
[stacktrace]
#0 /home/u657893346/domains/kidsstation.fun/public_html/saudi/vendor/laravel/framework/src/Illuminate/Database/Connectors/Connector.php(70): PDO->__construct('mysql:host=loca...', 'root', '', Array)
#1 /home/u657893346/domains/kidsstation.fun/public_html/saudi/vendor/laravel/framework/src/Illuminate/Database/Connectors/Connector.php(46): Illuminate\\Database\\Connectors\\Connector->createPdoConnection('mysql:host=loca...', 'root', '', Array)
#2 /home/u657893346/domains/kidsstation.fun/public_html/saudi/vendor/laravel/framework/src/Illuminate/Database/Connectors/MySqlConnector.php(24): Illuminate\\Database\\Connectors\\Connector->createConnection('mysql:host=loca...', Array, Array)
#3 /home/u657893346/domains/kidsstation.fun/public_html/saudi/vendor/laravel/framework/src/Illuminate/Database/Connectors/ConnectionFactory.php(184): Illuminate\\Database\\Connectors\\MySqlConnector->connect(Array)
#4 [internal function]: Illuminate\\Database\\Connectors\\ConnectionFactory->Illuminate\\Database\\Connectors\\{closure}()
#5 /home/u657893346/domains/kidsstation.fun/public_html/saudi/vendor/laravel/framework/src/Illuminate/Database/Connection.php(926): call_user_func(Object(Closure))
#6 /home/u657893346/domains/kidsstation.fun/public_html/saudi/vendor/laravel/framework/src/Illuminate/Database/Connection.php(961): Illuminate\\Database\\Connection->getPdo()
#7 /home/u657893346/domains/kidsstation.fun/public_html/saudi/vendor/laravel/framework/src/Illuminate/Database/Connection.php(405): Illuminate\\Database\\Connection->getReadPdo()
#8 /home/u657893346/domains/kidsstation.fun/public_html/saudi/vendor/laravel/framework/src/Illuminate/Database/Connection.php(331): Illuminate\\Database\\Connection->getPdoForSelect(true)
#9 /home/u657893346/domains/kidsstation.fun/public_html/saudi/vendor/laravel/framework/src/Illuminate/Database/Connection.php(664): Illuminate\\Database\\Connection->Illuminate\\Database\\{closure}('select * from `...', Array)
#10 /home/u657893346/domains/kidsstation.fun/public_html/saudi/vendor/laravel/framework/src/Illuminate/Database/Connection.php(631): Illuminate\\Database\\Connection->runQueryCallback('select * from `...', Array, Object(Closure))
#11 /home/u657893346/domains/kidsstation.fun/public_html/saudi/vendor/laravel/framework/src/Illuminate/Database/Connection.php(339): Illuminate\\Database\\Connection->run('select * from `...', Array, Object(Closure))
#12 /home/u657893346/domains/kidsstation.fun/public_html/saudi/vendor/laravel/framework/src/Illuminate/Database/Query/Builder.php(2270): Illuminate\\Database\\Connection->select('select * from `...', Array, true)
#13 /home/u657893346/domains/kidsstation.fun/public_html/saudi/vendor/laravel/framework/src/Illuminate/Database/Query/Builder.php(2258): Illuminate\\Database\\Query\\Builder->runSelect()
#14 /home/u657893346/domains/kidsstation.fun/public_html/saudi/vendor/laravel/framework/src/Illuminate/Database/Query/Builder.php(2753): Illuminate\\Database\\Query\\Builder->Illuminate\\Database\\Query\\{closure}()
#15 /home/u657893346/domains/kidsstation.fun/public_html/saudi/vendor/laravel/framework/src/Illuminate/Database/Query/Builder.php(2259): Illuminate\\Database\\Query\\Builder->onceWithColumns(Array, Object(Closure))
#16 /home/u657893346/domains/kidsstation.fun/public_html/saudi/vendor/laravel/framework/src/Illuminate/Database/Eloquent/Builder.php(548): Illuminate\\Database\\Query\\Builder->get(Array)
#17 /home/u657893346/domains/kidsstation.fun/public_html/saudi/vendor/laravel/framework/src/Illuminate/Database/Eloquent/Builder.php(532): Illuminate\\Database\\Eloquent\\Builder->getModels(Array)
#18 /home/u657893346/domains/kidsstation.fun/public_html/saudi/vendor/laravel/framework/src/Illuminate/Database/Concerns/BuildsQueries.php(143): Illuminate\\Database\\Eloquent\\Builder->get(Array)
#19 /home/u657893346/domains/kidsstation.fun/public_html/saudi/vendor/laravel/framework/src/Illuminate/Support/Traits/ForwardsCalls.php(23): Illuminate\\Database\\Eloquent\\Builder->first()
#20 /home/u657893346/domains/kidsstation.fun/public_html/saudi/vendor/laravel/framework/src/Illuminate/Database/Eloquent/Model.php(1736): Illuminate\\Database\\Eloquent\\Model->forwardCallTo(Object(Illuminate\\Database\\Eloquent\\Builder), 'first', Array)
#21 /home/u657893346/domains/kidsstation.fun/public_html/saudi/vendor/laravel/framework/src/Illuminate/Database/Eloquent/Model.php(1748): Illuminate\\Database\\Eloquent\\Model->__call('first', Array)
#22 /home/u657893346/domains/kidsstation.fun/public_html/saudi/app/Providers/AppServiceProvider.php(36): Illuminate\\Database\\Eloquent\\Model::__callStatic('first', Array)
#23 /home/u657893346/domains/kidsstation.fun/public_html/saudi/vendor/laravel/framework/src/Illuminate/Container/BoundMethod.php(36): App\\Providers\\AppServiceProvider->boot()
#24 /home/u657893346/domains/kidsstation.fun/public_html/saudi/vendor/laravel/framework/src/Illuminate/Container/Util.php(37): Illuminate\\Container\\BoundMethod::Illuminate\\Container\\{closure}()
#25 /home/u657893346/domains/kidsstation.fun/public_html/saudi/vendor/laravel/framework/src/Illuminate/Container/BoundMethod.php(93): Illuminate\\Container\\Util::unwrapIfClosure(Object(Closure))
#26 /home/u657893346/domains/kidsstation.fun/public_html/saudi/vendor/laravel/framework/src/Illuminate/Container/BoundMethod.php(37): Illuminate\\Container\\BoundMethod::callBoundMethod(Object(Illuminate\\Foundation\\Application), Array, Object(Closure))
#27 /home/u657893346/domains/kidsstation.fun/public_html/saudi/vendor/laravel/framework/src/Illuminate/Container/Container.php(596): Illuminate\\Container\\BoundMethod::call(Object(Illuminate\\Foundation\\Application), Array, Array, NULL)
#28 /home/u657893346/domains/kidsstation.fun/public_html/saudi/vendor/laravel/framework/src/Illuminate/Foundation/Application.php(867): Illuminate\\Container\\Container->call(Array)
#29 /home/u657893346/domains/kidsstation.fun/public_html/saudi/vendor/laravel/framework/src/Illuminate/Foundation/Application.php(850): Illuminate\\Foundation\\Application->bootProvider(Object(App\\Providers\\AppServiceProvider))
#30 [internal function]: Illuminate\\Foundation\\Application->Illuminate\\Foundation\\{closure}(Object(App\\Providers\\AppServiceProvider), 33)
#31 /home/u657893346/domains/kidsstation.fun/public_html/saudi/vendor/laravel/framework/src/Illuminate/Foundation/Application.php(851): array_walk(Array, Object(Closure))
#32 /home/u657893346/domains/kidsstation.fun/public_html/saudi/vendor/laravel/framework/src/Illuminate/Foundation/Bootstrap/BootProviders.php(17): Illuminate\\Foundation\\Application->boot()
#33 /home/u657893346/domains/kidsstation.fun/public_html/saudi/vendor/laravel/framework/src/Illuminate/Foundation/Application.php(230): Illuminate\\Foundation\\Bootstrap\\BootProviders->bootstrap(Object(Illuminate\\Foundation\\Application))
#34 /home/u657893346/domains/kidsstation.fun/public_html/saudi/vendor/laravel/framework/src/Illuminate/Foundation/Console/Kernel.php(310): Illuminate\\Foundation\\Application->bootstrapWith(Array)
#35 /home/u657893346/domains/kidsstation.fun/public_html/saudi/vendor/laravel/framework/src/Illuminate/Foundation/Console/Kernel.php(127): Illuminate\\Foundation\\Console\\Kernel->bootstrap()
#36 /home/u657893346/domains/kidsstation.fun/public_html/saudi/artisan(37): Illuminate\\Foundation\\Console\\Kernel->handle(Object(Symfony\\Component\\Console\\Input\\ArgvInput), Object(Symfony\\Component\\Console\\Output\\ConsoleOutput))
#37 {main}
"} 
[2023-02-16 13:37:15] local.ERROR: SQLSTATE[HY000] [1045] Access denied for user 'root'@'localhost' (using password: NO) (SQL: select * from `general_settings` limit 1) {"exception":"[object] (Illuminate\\Database\\QueryException(code: 1045): SQLSTATE[HY000] [1045] Access denied for user 'root'@'localhost' (using password: NO) (SQL: select * from `general_settings` limit 1) at /home/u657893346/domains/kidsstation.fun/public_html/saudi/vendor/laravel/framework/src/Illuminate/Database/Connection.php:671)
[stacktrace]
#0 /home/u657893346/domains/kidsstation.fun/public_html/saudi/vendor/laravel/framework/src/Illuminate/Database/Connection.php(631): Illuminate\\Database\\Connection->runQueryCallback('select * from `...', Array, Object(Closure))
#1 /home/u657893346/domains/kidsstation.fun/public_html/saudi/vendor/laravel/framework/src/Illuminate/Database/Connection.php(339): Illuminate\\Database\\Connection->run('select * from `...', Array, Object(Closure))
#2 /home/u657893346/domains/kidsstation.fun/public_html/saudi/vendor/laravel/framework/src/Illuminate/Database/Query/Builder.php(2270): Illuminate\\Database\\Connection->select('select * from `...', Array, true)
#3 /home/u657893346/domains/kidsstation.fun/public_html/saudi/vendor/laravel/framework/src/Illuminate/Database/Query/Builder.php(2258): Illuminate\\Database\\Query\\Builder->runSelect()
#4 /home/u657893346/domains/kidsstation.fun/public_html/saudi/vendor/laravel/framework/src/Illuminate/Database/Query/Builder.php(2753): Illuminate\\Database\\Query\\Builder->Illuminate\\Database\\Query\\{closure}()
#5 /home/u657893346/domains/kidsstation.fun/public_html/saudi/vendor/laravel/framework/src/Illuminate/Database/Query/Builder.php(2259): Illuminate\\Database\\Query\\Builder->onceWithColumns(Array, Object(Closure))
#6 /home/u657893346/domains/kidsstation.fun/public_html/saudi/vendor/laravel/framework/src/Illuminate/Database/Eloquent/Builder.php(548): Illuminate\\Database\\Query\\Builder->get(Array)
#7 /home/u657893346/domains/kidsstation.fun/public_html/saudi/vendor/laravel/framework/src/Illuminate/Database/Eloquent/Builder.php(532): Illuminate\\Database\\Eloquent\\Builder->getModels(Array)
#8 /home/u657893346/domains/kidsstation.fun/public_html/saudi/vendor/laravel/framework/src/Illuminate/Database/Concerns/BuildsQueries.php(143): Illuminate\\Database\\Eloquent\\Builder->get(Array)
#9 /home/u657893346/domains/kidsstation.fun/public_html/saudi/vendor/laravel/framework/src/Illuminate/Support/Traits/ForwardsCalls.php(23): Illuminate\\Database\\Eloquent\\Builder->first()
#10 /home/u657893346/domains/kidsstation.fun/public_html/saudi/vendor/laravel/framework/src/Illuminate/Database/Eloquent/Model.php(1736): Illuminate\\Database\\Eloquent\\Model->forwardCallTo(Object(Illuminate\\Database\\Eloquent\\Builder), 'first', Array)
#11 /home/u657893346/domains/kidsstation.fun/public_html/saudi/vendor/laravel/framework/src/Illuminate/Database/Eloquent/Model.php(1748): Illuminate\\Database\\Eloquent\\Model->__call('first', Array)
#12 /home/u657893346/domains/kidsstation.fun/public_html/saudi/app/Providers/AppServiceProvider.php(36): Illuminate\\Database\\Eloquent\\Model::__callStatic('first', Array)
#13 /home/u657893346/domains/kidsstation.fun/public_html/saudi/vendor/laravel/framework/src/Illuminate/Container/BoundMethod.php(36): App\\Providers\\AppServiceProvider->boot()
#14 /home/u657893346/domains/kidsstation.fun/public_html/saudi/vendor/laravel/framework/src/Illuminate/Container/Util.php(37): Illuminate\\Container\\BoundMethod::Illuminate\\Container\\{closure}()
#15 /home/u657893346/domains/kidsstation.fun/public_html/saudi/vendor/laravel/framework/src/Illuminate/Container/BoundMethod.php(93): Illuminate\\Container\\Util::unwrapIfClosure(Object(Closure))
#16 /home/u657893346/domains/kidsstation.fun/public_html/saudi/vendor/laravel/framework/src/Illuminate/Container/BoundMethod.php(37): Illuminate\\Container\\BoundMethod::callBoundMethod(Object(Illuminate\\Foundation\\Application), Array, Object(Closure))
#17 /home/u657893346/domains/kidsstation.fun/public_html/saudi/vendor/laravel/framework/src/Illuminate/Container/Container.php(596): Illuminate\\Container\\BoundMethod::call(Object(Illuminate\\Foundation\\Application), Array, Array, NULL)
#18 /home/u657893346/domains/kidsstation.fun/public_html/saudi/vendor/laravel/framework/src/Illuminate/Foundation/Application.php(867): Illuminate\\Container\\Container->call(Array)
#19 /home/u657893346/domains/kidsstation.fun/public_html/saudi/vendor/laravel/framework/src/Illuminate/Foundation/Application.php(850): Illuminate\\Foundation\\Application->bootProvider(Object(App\\Providers\\AppServiceProvider))
#20 [internal function]: Illuminate\\Foundation\\Application->Illuminate\\Foundation\\{closure}(Object(App\\Providers\\AppServiceProvider), 33)
#21 /home/u657893346/domains/kidsstation.fun/public_html/saudi/vendor/laravel/framework/src/Illuminate/Foundation/Application.php(851): array_walk(Array, Object(Closure))
#22 /home/u657893346/domains/kidsstation.fun/public_html/saudi/vendor/laravel/framework/src/Illuminate/Foundation/Bootstrap/BootProviders.php(17): Illuminate\\Foundation\\Application->boot()
#23 /home/u657893346/domains/kidsstation.fun/public_html/saudi/vendor/laravel/framework/src/Illuminate/Foundation/Application.php(230): Illuminate\\Foundation\\Bootstrap\\BootProviders->bootstrap(Object(Illuminate\\Foundation\\Application))
#24 /home/u657893346/domains/kidsstation.fun/public_html/saudi/vendor/laravel/framework/src/Illuminate/Foundation/Console/Kernel.php(310): Illuminate\\Foundation\\Application->bootstrapWith(Array)
#25 /home/u657893346/domains/kidsstation.fun/public_html/saudi/vendor/laravel/framework/src/Illuminate/Foundation/Console/Kernel.php(127): Illuminate\\Foundation\\Console\\Kernel->bootstrap()
#26 /home/u657893346/domains/kidsstation.fun/public_html/saudi/artisan(37): Illuminate\\Foundation\\Console\\Kernel->handle(Object(Symfony\\Component\\Console\\Input\\ArgvInput), Object(Symfony\\Component\\Console\\Output\\ConsoleOutput))
#27 {main}

[previous exception] [object] (PDOException(code: 1045): SQLSTATE[HY000] [1045] Access denied for user 'root'@'localhost' (using password: NO) at /home/u657893346/domains/kidsstation.fun/public_html/saudi/vendor/laravel/framework/src/Illuminate/Database/Connectors/Connector.php:70)
[stacktrace]
#0 /home/u657893346/domains/kidsstation.fun/public_html/saudi/vendor/laravel/framework/src/Illuminate/Database/Connectors/Connector.php(70): PDO->__construct('mysql:host=loca...', 'root', '', Array)
#1 /home/u657893346/domains/kidsstation.fun/public_html/saudi/vendor/laravel/framework/src/Illuminate/Database/Connectors/Connector.php(46): Illuminate\\Database\\Connectors\\Connector->createPdoConnection('mysql:host=loca...', 'root', '', Array)
#2 /home/u657893346/domains/kidsstation.fun/public_html/saudi/vendor/laravel/framework/src/Illuminate/Database/Connectors/MySqlConnector.php(24): Illuminate\\Database\\Connectors\\Connector->createConnection('mysql:host=loca...', Array, Array)
#3 /home/u657893346/domains/kidsstation.fun/public_html/saudi/vendor/laravel/framework/src/Illuminate/Database/Connectors/ConnectionFactory.php(184): Illuminate\\Database\\Connectors\\MySqlConnector->connect(Array)
#4 [internal function]: Illuminate\\Database\\Connectors\\ConnectionFactory->Illuminate\\Database\\Connectors\\{closure}()
#5 /home/u657893346/domains/kidsstation.fun/public_html/saudi/vendor/laravel/framework/src/Illuminate/Database/Connection.php(926): call_user_func(Object(Closure))
#6 /home/u657893346/domains/kidsstation.fun/public_html/saudi/vendor/laravel/framework/src/Illuminate/Database/Connection.php(961): Illuminate\\Database\\Connection->getPdo()
#7 /home/u657893346/domains/kidsstation.fun/public_html/saudi/vendor/laravel/framework/src/Illuminate/Database/Connection.php(405): Illuminate\\Database\\Connection->getReadPdo()
#8 /home/u657893346/domains/kidsstation.fun/public_html/saudi/vendor/laravel/framework/src/Illuminate/Database/Connection.php(331): Illuminate\\Database\\Connection->getPdoForSelect(true)
#9 /home/u657893346/domains/kidsstation.fun/public_html/saudi/vendor/laravel/framework/src/Illuminate/Database/Connection.php(664): Illuminate\\Database\\Connection->Illuminate\\Database\\{closure}('select * from `...', Array)
#10 /home/u657893346/domains/kidsstation.fun/public_html/saudi/vendor/laravel/framework/src/Illuminate/Database/Connection.php(631): Illuminate\\Database\\Connection->runQueryCallback('select * from `...', Array, Object(Closure))
#11 /home/u657893346/domains/kidsstation.fun/public_html/saudi/vendor/laravel/framework/src/Illuminate/Database/Connection.php(339): Illuminate\\Database\\Connection->run('select * from `...', Array, Object(Closure))
#12 /home/u657893346/domains/kidsstation.fun/public_html/saudi/vendor/laravel/framework/src/Illuminate/Database/Query/Builder.php(2270): Illuminate\\Database\\Connection->select('select * from `...', Array, true)
#13 /home/u657893346/domains/kidsstation.fun/public_html/saudi/vendor/laravel/framework/src/Illuminate/Database/Query/Builder.php(2258): Illuminate\\Database\\Query\\Builder->runSelect()
#14 /home/u657893346/domains/kidsstation.fun/public_html/saudi/vendor/laravel/framework/src/Illuminate/Database/Query/Builder.php(2753): Illuminate\\Database\\Query\\Builder->Illuminate\\Database\\Query\\{closure}()
#15 /home/u657893346/domains/kidsstation.fun/public_html/saudi/vendor/laravel/framework/src/Illuminate/Database/Query/Builder.php(2259): Illuminate\\Database\\Query\\Builder->onceWithColumns(Array, Object(Closure))
#16 /home/u657893346/domains/kidsstation.fun/public_html/saudi/vendor/laravel/framework/src/Illuminate/Database/Eloquent/Builder.php(548): Illuminate\\Database\\Query\\Builder->get(Array)
#17 /home/u657893346/domains/kidsstation.fun/public_html/saudi/vendor/laravel/framework/src/Illuminate/Database/Eloquent/Builder.php(532): Illuminate\\Database\\Eloquent\\Builder->getModels(Array)
#18 /home/u657893346/domains/kidsstation.fun/public_html/saudi/vendor/laravel/framework/src/Illuminate/Database/Concerns/BuildsQueries.php(143): Illuminate\\Database\\Eloquent\\Builder->get(Array)
#19 /home/u657893346/domains/kidsstation.fun/public_html/saudi/vendor/laravel/framework/src/Illuminate/Support/Traits/ForwardsCalls.php(23): Illuminate\\Database\\Eloquent\\Builder->first()
#20 /home/u657893346/domains/kidsstation.fun/public_html/saudi/vendor/laravel/framework/src/Illuminate/Database/Eloquent/Model.php(1736): Illuminate\\Database\\Eloquent\\Model->forwardCallTo(Object(Illuminate\\Database\\Eloquent\\Builder), 'first', Array)
#21 /home/u657893346/domains/kidsstation.fun/public_html/saudi/vendor/laravel/framework/src/Illuminate/Database/Eloquent/Model.php(1748): Illuminate\\Database\\Eloquent\\Model->__call('first', Array)
#22 /home/u657893346/domains/kidsstation.fun/public_html/saudi/app/Providers/AppServiceProvider.php(36): Illuminate\\Database\\Eloquent\\Model::__callStatic('first', Array)
#23 /home/u657893346/domains/kidsstation.fun/public_html/saudi/vendor/laravel/framework/src/Illuminate/Container/BoundMethod.php(36): App\\Providers\\AppServiceProvider->boot()
#24 /home/u657893346/domains/kidsstation.fun/public_html/saudi/vendor/laravel/framework/src/Illuminate/Container/Util.php(37): Illuminate\\Container\\BoundMethod::Illuminate\\Container\\{closure}()
#25 /home/u657893346/domains/kidsstation.fun/public_html/saudi/vendor/laravel/framework/src/Illuminate/Container/BoundMethod.php(93): Illuminate\\Container\\Util::unwrapIfClosure(Object(Closure))
#26 /home/u657893346/domains/kidsstation.fun/public_html/saudi/vendor/laravel/framework/src/Illuminate/Container/BoundMethod.php(37): Illuminate\\Container\\BoundMethod::callBoundMethod(Object(Illuminate\\Foundation\\Application), Array, Object(Closure))
#27 /home/u657893346/domains/kidsstation.fun/public_html/saudi/vendor/laravel/framework/src/Illuminate/Container/Container.php(596): Illuminate\\Container\\BoundMethod::call(Object(Illuminate\\Foundation\\Application), Array, Array, NULL)
#28 /home/u657893346/domains/kidsstation.fun/public_html/saudi/vendor/laravel/framework/src/Illuminate/Foundation/Application.php(867): Illuminate\\Container\\Container->call(Array)
#29 /home/u657893346/domains/kidsstation.fun/public_html/saudi/vendor/laravel/framework/src/Illuminate/Foundation/Application.php(850): Illuminate\\Foundation\\Application->bootProvider(Object(App\\Providers\\AppServiceProvider))
#30 [internal function]: Illuminate\\Foundation\\Application->Illuminate\\Foundation\\{closure}(Object(App\\Providers\\AppServiceProvider), 33)
#31 /home/u657893346/domains/kidsstation.fun/public_html/saudi/vendor/laravel/framework/src/Illuminate/Foundation/Application.php(851): array_walk(Array, Object(Closure))
#32 /home/u657893346/domains/kidsstation.fun/public_html/saudi/vendor/laravel/framework/src/Illuminate/Foundation/Bootstrap/BootProviders.php(17): Illuminate\\Foundation\\Application->boot()
#33 /home/u657893346/domains/kidsstation.fun/public_html/saudi/vendor/laravel/framework/src/Illuminate/Foundation/Application.php(230): Illuminate\\Foundation\\Bootstrap\\BootProviders->bootstrap(Object(Illuminate\\Foundation\\Application))
#34 /home/u657893346/domains/kidsstation.fun/public_html/saudi/vendor/laravel/framework/src/Illuminate/Foundation/Console/Kernel.php(310): Illuminate\\Foundation\\Application->bootstrapWith(Array)
#35 /home/u657893346/domains/kidsstation.fun/public_html/saudi/vendor/laravel/framework/src/Illuminate/Foundation/Console/Kernel.php(127): Illuminate\\Foundation\\Console\\Kernel->bootstrap()
#36 /home/u657893346/domains/kidsstation.fun/public_html/saudi/artisan(37): Illuminate\\Foundation\\Console\\Kernel->handle(Object(Symfony\\Component\\Console\\Input\\ArgvInput), Object(Symfony\\Component\\Console\\Output\\ConsoleOutput))
#37 {main}
"} 
[2023-02-16 13:38:38] local.ERROR: Unable to prepare route [clear/route] for serialization. Uses Closure. {"exception":"[object] (LogicException(code: 0): Unable to prepare route [clear/route] for serialization. Uses Closure. at /home/u657893346/domains/kidsstation.fun/public_html/saudi/vendor/laravel/framework/src/Illuminate/Routing/Route.php:1150)
[stacktrace]
#0 /home/u657893346/domains/kidsstation.fun/public_html/saudi/vendor/laravel/framework/src/Illuminate/Foundation/Console/RouteCacheCommand.php(62): Illuminate\\Routing\\Route->prepareForSerialization()
#1 /home/u657893346/domains/kidsstation.fun/public_html/saudi/vendor/laravel/framework/src/Illuminate/Container/BoundMethod.php(36): Illuminate\\Foundation\\Console\\RouteCacheCommand->handle()
#2 /home/u657893346/domains/kidsstation.fun/public_html/saudi/vendor/laravel/framework/src/Illuminate/Container/Util.php(37): Illuminate\\Container\\BoundMethod::Illuminate\\Container\\{closure}()
#3 /home/u657893346/domains/kidsstation.fun/public_html/saudi/vendor/laravel/framework/src/Illuminate/Container/BoundMethod.php(93): Illuminate\\Container\\Util::unwrapIfClosure(Object(Closure))
#4 /home/u657893346/domains/kidsstation.fun/public_html/saudi/vendor/laravel/framework/src/Illuminate/Container/BoundMethod.php(37): Illuminate\\Container\\BoundMethod::callBoundMethod(Object(Illuminate\\Foundation\\Application), Array, Object(Closure))
#5 /home/u657893346/domains/kidsstation.fun/public_html/saudi/vendor/laravel/framework/src/Illuminate/Container/Container.php(596): Illuminate\\Container\\BoundMethod::call(Object(Illuminate\\Foundation\\Application), Array, Array, NULL)
#6 /home/u657893346/domains/kidsstation.fun/public_html/saudi/vendor/laravel/framework/src/Illuminate/Console/Command.php(134): Illuminate\\Container\\Container->call(Array)
#7 /home/u657893346/domains/kidsstation.fun/public_html/saudi/vendor/symfony/console/Command/Command.php(298): Illuminate\\Console\\Command->execute(Object(Symfony\\Component\\Console\\Input\\ArrayInput), Object(Illuminate\\Console\\OutputStyle))
#8 /home/u657893346/domains/kidsstation.fun/public_html/saudi/vendor/laravel/framework/src/Illuminate/Console/Command.php(121): Symfony\\Component\\Console\\Command\\Command->run(Object(Symfony\\Component\\Console\\Input\\ArrayInput), Object(Illuminate\\Console\\OutputStyle))
#9 /home/u657893346/domains/kidsstation.fun/public_html/saudi/vendor/laravel/framework/src/Illuminate/Console/Concerns/CallsCommands.php(56): Illuminate\\Console\\Command->run(Object(Symfony\\Component\\Console\\Input\\ArrayInput), Object(Illuminate\\Console\\OutputStyle))
#10 /home/u657893346/domains/kidsstation.fun/public_html/saudi/vendor/laravel/framework/src/Illuminate/Console/Concerns/CallsCommands.php(28): Illuminate\\Console\\Command->runCommand('route:cache', Array, Object(Illuminate\\Console\\OutputStyle))
#11 /home/u657893346/domains/kidsstation.fun/public_html/saudi/vendor/laravel/framework/src/Illuminate/Foundation/Console/OptimizeCommand.php(31): Illuminate\\Console\\Command->call('route:cache')
#12 /home/u657893346/domains/kidsstation.fun/public_html/saudi/vendor/laravel/framework/src/Illuminate/Container/BoundMethod.php(36): Illuminate\\Foundation\\Console\\OptimizeCommand->handle()
#13 /home/u657893346/domains/kidsstation.fun/public_html/saudi/vendor/laravel/framework/src/Illuminate/Container/Util.php(37): Illuminate\\Container\\BoundMethod::Illuminate\\Container\\{closure}()
#14 /home/u657893346/domains/kidsstation.fun/public_html/saudi/vendor/laravel/framework/src/Illuminate/Container/BoundMethod.php(93): Illuminate\\Container\\Util::unwrapIfClosure(Object(Closure))
#15 /home/u657893346/domains/kidsstation.fun/public_html/saudi/vendor/laravel/framework/src/Illuminate/Container/BoundMethod.php(37): Illuminate\\Container\\BoundMethod::callBoundMethod(Object(Illuminate\\Foundation\\Application), Array, Object(Closure))
#16 /home/u657893346/domains/kidsstation.fun/public_html/saudi/vendor/laravel/framework/src/Illuminate/Container/Container.php(596): Illuminate\\Container\\BoundMethod::call(Object(Illuminate\\Foundation\\Application), Array, Array, NULL)
#17 /home/u657893346/domains/kidsstation.fun/public_html/saudi/vendor/laravel/framework/src/Illuminate/Console/Command.php(134): Illuminate\\Container\\Container->call(Array)
#18 /home/u657893346/domains/kidsstation.fun/public_html/saudi/vendor/symfony/console/Command/Command.php(298): Illuminate\\Console\\Command->execute(Object(Symfony\\Component\\Console\\Input\\ArgvInput), Object(Illuminate\\Console\\OutputStyle))
#19 /home/u657893346/domains/kidsstation.fun/public_html/saudi/vendor/laravel/framework/src/Illuminate/Console/Command.php(121): Symfony\\Component\\Console\\Command\\Command->run(Object(Symfony\\Component\\Console\\Input\\ArgvInput), Object(Illuminate\\Console\\OutputStyle))
#20 /home/u657893346/domains/kidsstation.fun/public_html/saudi/vendor/symfony/console/Application.php(1040): Illuminate\\Console\\Command->run(Object(Symfony\\Component\\Console\\Input\\ArgvInput), Object(Symfony\\Component\\Console\\Output\\ConsoleOutput))
#21 /home/u657893346/domains/kidsstation.fun/public_html/saudi/vendor/symfony/console/Application.php(301): Symfony\\Component\\Console\\Application->doRunCommand(Object(Illuminate\\Foundation\\Console\\OptimizeCommand), Object(Symfony\\Component\\Console\\Input\\ArgvInput), Object(Symfony\\Component\\Console\\Output\\ConsoleOutput))
#22 /home/u657893346/domains/kidsstation.fun/public_html/saudi/vendor/symfony/console/Application.php(171): Symfony\\Component\\Console\\Application->doRun(Object(Symfony\\Component\\Console\\Input\\ArgvInput), Object(Symfony\\Component\\Console\\Output\\ConsoleOutput))
#23 /home/u657893346/domains/kidsstation.fun/public_html/saudi/vendor/laravel/framework/src/Illuminate/Console/Application.php(93): Symfony\\Component\\Console\\Application->run(Object(Symfony\\Component\\Console\\Input\\ArgvInput), Object(Symfony\\Component\\Console\\Output\\ConsoleOutput))
#24 /home/u657893346/domains/kidsstation.fun/public_html/saudi/vendor/laravel/framework/src/Illuminate/Foundation/Console/Kernel.php(129): Illuminate\\Console\\Application->run(Object(Symfony\\Component\\Console\\Input\\ArgvInput), Object(Symfony\\Component\\Console\\Output\\ConsoleOutput))
#25 /home/u657893346/domains/kidsstation.fun/public_html/saudi/artisan(37): Illuminate\\Foundation\\Console\\Kernel->handle(Object(Symfony\\Component\\Console\\Input\\ArgvInput), Object(Symfony\\Component\\Console\\Output\\ConsoleOutput))
#26 {main}
"} 
